[0.021s] Invoking command in '/home/ros2/ros2_ws2/build/smartcar_msgs': CMAKE_PREFIX_PATH=/opt/ros/humble /usr/bin/cmake --build /home/ros2/ros2_ws2/build/smartcar_msgs -- -j8 -l8
[0.077s] [35m[1mConsolidate compiler generated dependencies of target smartcar_msgs__rosidl_generator_c[0m
[0.088s] [  3%] Built target smartcar_msgs__cpp
[0.093s] [ 12%] Built target smartcar_msgs__rosidl_generator_c
[0.101s] [35m[1mConsolidate compiler generated dependencies of target smartcar_msgs__rosidl_typesupport_cpp[0m
[0.101s] [35m[1mConsolidate compiler generated dependencies of target smartcar_msgs__rosidl_typesupport_fastrtps_cpp[0m
[0.103s] [ 12%] Built target ament_cmake_python_copy_smartcar_msgs
[0.116s] [35m[1mConsolidate compiler generated dependencies of target smartcar_msgs__rosidl_typesupport_c[0m
[0.117s] [35m[1mConsolidate compiler generated dependencies of target smartcar_msgs__rosidl_typesupport_introspection_cpp[0m
[0.120s] [35m[1mConsolidate compiler generated dependencies of target smartcar_msgs__rosidl_typesupport_fastrtps_c[0m
[0.125s] [35m[1mConsolidate compiler generated dependencies of target smartcar_msgs__rosidl_typesupport_introspection_c[0m
[0.135s] [ 22%] Built target smartcar_msgs__rosidl_typesupport_fastrtps_cpp
[0.145s] [ 32%] Built target smartcar_msgs__rosidl_typesupport_cpp
[0.150s] [ 41%] Built target smartcar_msgs__rosidl_typesupport_introspection_c
[0.152s] [ 51%] Built target smartcar_msgs__rosidl_typesupport_c
[0.154s] [ 61%] Built target smartcar_msgs__rosidl_typesupport_introspection_cpp
[0.157s] [ 70%] Built target smartcar_msgs__rosidl_typesupport_fastrtps_c
[0.184s] [ 70%] Built target smartcar_msgs
[0.208s] [ 74%] Built target smartcar_msgs__py
[0.221s] [35m[1mConsolidate compiler generated dependencies of target smartcar_msgs__rosidl_generator_py[0m
[0.242s] [ 80%] Built target smartcar_msgs__rosidl_generator_py
[0.258s] [35m[1mConsolidate compiler generated dependencies of target smartcar_msgs__rosidl_typesupport_introspection_c__pyext[0m
[0.258s] [35m[1mConsolidate compiler generated dependencies of target smartcar_msgs__rosidl_typesupport_fastrtps_c__pyext[0m
[0.258s] [35m[1mConsolidate compiler generated dependencies of target smartcar_msgs__rosidl_typesupport_c__pyext[0m
[0.277s] [ 87%] Built target smartcar_msgs__rosidl_typesupport_introspection_c__pyext
[0.281s] [ 93%] Built target smartcar_msgs__rosidl_typesupport_c__pyext
[0.283s] [100%] Built target smartcar_msgs__rosidl_typesupport_fastrtps_c__pyext
[0.443s] running egg_info
[0.466s] writing smartcar_msgs.egg-info/PKG-INFO
[0.467s] writing dependency_links to smartcar_msgs.egg-info/dependency_links.txt
[0.468s] writing top-level names to smartcar_msgs.egg-info/top_level.txt
[0.535s] reading manifest file 'smartcar_msgs.egg-info/SOURCES.txt'
[0.536s] writing manifest file 'smartcar_msgs.egg-info/SOURCES.txt'
[0.595s] [100%] Built target ament_cmake_python_build_smartcar_msgs_egg
[0.609s] Invoked command in '/home/ros2/ros2_ws2/build/smartcar_msgs' returned '0': CMAKE_PREFIX_PATH=/opt/ros/humble /usr/bin/cmake --build /home/ros2/ros2_ws2/build/smartcar_msgs -- -j8 -l8
[0.612s] Invoking command in '/home/ros2/ros2_ws2/build/smartcar_msgs': CMAKE_PREFIX_PATH=/opt/ros/humble /usr/bin/cmake --install /home/ros2/ros2_ws2/build/smartcar_msgs
[0.629s] -- Install configuration: ""
[0.629s] -- Up-to-date: /home/ros2/ros2_ws2/install/smartcar_msgs/share/ament_index/resource_index/rosidl_interfaces/smartcar_msgs
[0.629s] -- Up-to-date: /home/ros2/ros2_ws2/install/smartcar_msgs/include/smartcar_msgs/smartcar_msgs
[0.629s] -- Up-to-date: /home/ros2/ros2_ws2/install/smartcar_msgs/include/smartcar_msgs/smartcar_msgs/msg
[0.629s] -- Up-to-date: /home/ros2/ros2_ws2/install/smartcar_msgs/include/smartcar_msgs/smartcar_msgs/msg/status.h
[0.629s] -- Up-to-date: /home/ros2/ros2_ws2/install/smartcar_msgs/include/smartcar_msgs/smartcar_msgs/msg/rosidl_generator_c__visibility_control.h
[0.629s] -- Up-to-date: /home/ros2/ros2_ws2/install/smartcar_msgs/include/smartcar_msgs/smartcar_msgs/msg/detail
[0.631s] -- Up-to-date: /home/ros2/ros2_ws2/install/smartcar_msgs/include/smartcar_msgs/smartcar_msgs/msg/detail/status__type_support.h
[0.631s] -- Up-to-date: /home/ros2/ros2_ws2/install/smartcar_msgs/include/smartcar_msgs/smartcar_msgs/msg/detail/status__functions.h
[0.631s] -- Up-to-date: /home/ros2/ros2_ws2/install/smartcar_msgs/include/smartcar_msgs/smartcar_msgs/msg/detail/status__struct.h
[0.631s] -- Up-to-date: /home/ros2/ros2_ws2/install/smartcar_msgs/include/smartcar_msgs/smartcar_msgs/msg/detail/status__functions.c
[0.631s] -- Up-to-date: /home/ros2/ros2_ws2/install/smartcar_msgs/share/smartcar_msgs/environment/library_path.sh
[0.631s] -- Up-to-date: /home/ros2/ros2_ws2/install/smartcar_msgs/share/smartcar_msgs/environment/library_path.dsv
[0.631s] -- Up-to-date: /home/ros2/ros2_ws2/install/smartcar_msgs/lib/libsmartcar_msgs__rosidl_generator_c.so
[0.631s] -- Up-to-date: /home/ros2/ros2_ws2/install/smartcar_msgs/include/smartcar_msgs/smartcar_msgs
[0.631s] -- Up-to-date: /home/ros2/ros2_ws2/install/smartcar_msgs/include/smartcar_msgs/smartcar_msgs/msg
[0.632s] -- Up-to-date: /home/ros2/ros2_ws2/install/smartcar_msgs/include/smartcar_msgs/smartcar_msgs/msg/rosidl_typesupport_fastrtps_c__visibility_control.h
[0.632s] -- Up-to-date: /home/ros2/ros2_ws2/install/smartcar_msgs/include/smartcar_msgs/smartcar_msgs/msg/detail
[0.632s] -- Up-to-date: /home/ros2/ros2_ws2/install/smartcar_msgs/include/smartcar_msgs/smartcar_msgs/msg/detail/status__rosidl_typesupport_fastrtps_c.h
[0.632s] -- Up-to-date: /home/ros2/ros2_ws2/install/smartcar_msgs/lib/libsmartcar_msgs__rosidl_typesupport_fastrtps_c.so
[0.632s] -- Up-to-date: /home/ros2/ros2_ws2/install/smartcar_msgs/include/smartcar_msgs/smartcar_msgs
[0.632s] -- Up-to-date: /home/ros2/ros2_ws2/install/smartcar_msgs/include/smartcar_msgs/smartcar_msgs/msg
[0.632s] -- Up-to-date: /home/ros2/ros2_ws2/install/smartcar_msgs/include/smartcar_msgs/smartcar_msgs/msg/detail
[0.632s] -- Up-to-date: /home/ros2/ros2_ws2/install/smartcar_msgs/include/smartcar_msgs/smartcar_msgs/msg/detail/status__traits.hpp
[0.632s] -- Up-to-date: /home/ros2/ros2_ws2/install/smartcar_msgs/include/smartcar_msgs/smartcar_msgs/msg/detail/status__struct.hpp
[0.632s] -- Up-to-date: /home/ros2/ros2_ws2/install/smartcar_msgs/include/smartcar_msgs/smartcar_msgs/msg/detail/status__builder.hpp
[0.632s] -- Up-to-date: /home/ros2/ros2_ws2/install/smartcar_msgs/include/smartcar_msgs/smartcar_msgs/msg/status.hpp
[0.632s] -- Up-to-date: /home/ros2/ros2_ws2/install/smartcar_msgs/include/smartcar_msgs/smartcar_msgs
[0.632s] -- Up-to-date: /home/ros2/ros2_ws2/install/smartcar_msgs/include/smartcar_msgs/smartcar_msgs/msg
[0.632s] -- Up-to-date: /home/ros2/ros2_ws2/install/smartcar_msgs/include/smartcar_msgs/smartcar_msgs/msg/rosidl_typesupport_fastrtps_cpp__visibility_control.h
[0.633s] -- Up-to-date: /home/ros2/ros2_ws2/install/smartcar_msgs/include/smartcar_msgs/smartcar_msgs/msg/detail
[0.633s] -- Up-to-date: /home/ros2/ros2_ws2/install/smartcar_msgs/include/smartcar_msgs/smartcar_msgs/msg/detail/status__rosidl_typesupport_fastrtps_cpp.hpp
[0.633s] -- Up-to-date: /home/ros2/ros2_ws2/install/smartcar_msgs/include/smartcar_msgs/smartcar_msgs/msg/detail/dds_fastrtps
[0.633s] -- Up-to-date: /home/ros2/ros2_ws2/install/smartcar_msgs/lib/libsmartcar_msgs__rosidl_typesupport_fastrtps_cpp.so
[0.633s] -- Up-to-date: /home/ros2/ros2_ws2/install/smartcar_msgs/include/smartcar_msgs/smartcar_msgs
[0.633s] -- Up-to-date: /home/ros2/ros2_ws2/install/smartcar_msgs/include/smartcar_msgs/smartcar_msgs/msg
[0.633s] -- Up-to-date: /home/ros2/ros2_ws2/install/smartcar_msgs/include/smartcar_msgs/smartcar_msgs/msg/detail
[0.633s] -- Up-to-date: /home/ros2/ros2_ws2/install/smartcar_msgs/include/smartcar_msgs/smartcar_msgs/msg/detail/status__type_support.c
[0.633s] -- Up-to-date: /home/ros2/ros2_ws2/install/smartcar_msgs/include/smartcar_msgs/smartcar_msgs/msg/detail/status__rosidl_typesupport_introspection_c.h
[0.633s] -- Up-to-date: /home/ros2/ros2_ws2/install/smartcar_msgs/include/smartcar_msgs/smartcar_msgs/msg/rosidl_typesupport_introspection_c__visibility_control.h
[0.633s] -- Up-to-date: /home/ros2/ros2_ws2/install/smartcar_msgs/lib/libsmartcar_msgs__rosidl_typesupport_introspection_c.so
[0.633s] -- Up-to-date: /home/ros2/ros2_ws2/install/smartcar_msgs/lib/libsmartcar_msgs__rosidl_typesupport_c.so
[0.633s] -- Up-to-date: /home/ros2/ros2_ws2/install/smartcar_msgs/include/smartcar_msgs/smartcar_msgs
[0.633s] -- Up-to-date: /home/ros2/ros2_ws2/install/smartcar_msgs/include/smartcar_msgs/smartcar_msgs/msg
[0.634s] -- Up-to-date: /home/ros2/ros2_ws2/install/smartcar_msgs/include/smartcar_msgs/smartcar_msgs/msg/detail
[0.634s] -- Up-to-date: /home/ros2/ros2_ws2/install/smartcar_msgs/include/smartcar_msgs/smartcar_msgs/msg/detail/status__type_support.cpp
[0.634s] -- Up-to-date: /home/ros2/ros2_ws2/install/smartcar_msgs/include/smartcar_msgs/smartcar_msgs/msg/detail/status__rosidl_typesupport_introspection_cpp.hpp
[0.634s] -- Up-to-date: /home/ros2/ros2_ws2/install/smartcar_msgs/lib/libsmartcar_msgs__rosidl_typesupport_introspection_cpp.so
[0.634s] -- Up-to-date: /home/ros2/ros2_ws2/install/smartcar_msgs/lib/libsmartcar_msgs__rosidl_typesupport_cpp.so
[0.634s] -- Up-to-date: /home/ros2/ros2_ws2/install/smartcar_msgs/share/smartcar_msgs/environment/pythonpath.sh
[0.634s] -- Up-to-date: /home/ros2/ros2_ws2/install/smartcar_msgs/share/smartcar_msgs/environment/pythonpath.dsv
[0.634s] -- Up-to-date: /home/ros2/ros2_ws2/install/smartcar_msgs/local/lib/python3.10/dist-packages/smartcar_msgs-0.0.0-py3.10.egg-info
[0.634s] -- Installing: /home/ros2/ros2_ws2/install/smartcar_msgs/local/lib/python3.10/dist-packages/smartcar_msgs-0.0.0-py3.10.egg-info/SOURCES.txt
[0.634s] -- Installing: /home/ros2/ros2_ws2/install/smartcar_msgs/local/lib/python3.10/dist-packages/smartcar_msgs-0.0.0-py3.10.egg-info/PKG-INFO
[0.634s] -- Installing: /home/ros2/ros2_ws2/install/smartcar_msgs/local/lib/python3.10/dist-packages/smartcar_msgs-0.0.0-py3.10.egg-info/top_level.txt
[0.634s] -- Installing: /home/ros2/ros2_ws2/install/smartcar_msgs/local/lib/python3.10/dist-packages/smartcar_msgs-0.0.0-py3.10.egg-info/dependency_links.txt
[0.634s] -- Up-to-date: /home/ros2/ros2_ws2/install/smartcar_msgs/local/lib/python3.10/dist-packages/smartcar_msgs
[0.634s] -- Up-to-date: /home/ros2/ros2_ws2/install/smartcar_msgs/local/lib/python3.10/dist-packages/smartcar_msgs/__init__.py
[0.635s] -- Up-to-date: /home/ros2/ros2_ws2/install/smartcar_msgs/local/lib/python3.10/dist-packages/smartcar_msgs/libsmartcar_msgs__rosidl_generator_py.so
[0.635s] -- Up-to-date: /home/ros2/ros2_ws2/install/smartcar_msgs/local/lib/python3.10/dist-packages/smartcar_msgs/smartcar_msgs_s__rosidl_typesupport_introspection_c.cpython-310-x86_64-linux-gnu.so
[0.635s] -- Up-to-date: /home/ros2/ros2_ws2/install/smartcar_msgs/local/lib/python3.10/dist-packages/smartcar_msgs/_smartcar_msgs_s.ep.rosidl_typesupport_c.c
[0.635s] -- Up-to-date: /home/ros2/ros2_ws2/install/smartcar_msgs/local/lib/python3.10/dist-packages/smartcar_msgs/_smartcar_msgs_s.ep.rosidl_typesupport_fastrtps_c.c
[0.635s] -- Up-to-date: /home/ros2/ros2_ws2/install/smartcar_msgs/local/lib/python3.10/dist-packages/smartcar_msgs/smartcar_msgs_s__rosidl_typesupport_fastrtps_c.cpython-310-x86_64-linux-gnu.so
[0.635s] -- Up-to-date: /home/ros2/ros2_ws2/install/smartcar_msgs/local/lib/python3.10/dist-packages/smartcar_msgs/smartcar_msgs_s__rosidl_typesupport_c.cpython-310-x86_64-linux-gnu.so
[0.635s] -- Up-to-date: /home/ros2/ros2_ws2/install/smartcar_msgs/local/lib/python3.10/dist-packages/smartcar_msgs/_smartcar_msgs_s.ep.rosidl_typesupport_introspection_c.c
[0.635s] -- Up-to-date: /home/ros2/ros2_ws2/install/smartcar_msgs/local/lib/python3.10/dist-packages/smartcar_msgs/msg
[0.635s] -- Up-to-date: /home/ros2/ros2_ws2/install/smartcar_msgs/local/lib/python3.10/dist-packages/smartcar_msgs/msg/__init__.py
[0.635s] -- Up-to-date: /home/ros2/ros2_ws2/install/smartcar_msgs/local/lib/python3.10/dist-packages/smartcar_msgs/msg/_status_s.c
[0.635s] -- Up-to-date: /home/ros2/ros2_ws2/install/smartcar_msgs/local/lib/python3.10/dist-packages/smartcar_msgs/msg/_status.py
[0.669s] Listing '/home/ros2/ros2_ws2/install/smartcar_msgs/local/lib/python3.10/dist-packages/smartcar_msgs'...
[0.669s] Listing '/home/ros2/ros2_ws2/install/smartcar_msgs/local/lib/python3.10/dist-packages/smartcar_msgs/msg'...
[0.678s] -- Up-to-date: /home/ros2/ros2_ws2/install/smartcar_msgs/local/lib/python3.10/dist-packages/smartcar_msgs/smartcar_msgs_s__rosidl_typesupport_fastrtps_c.cpython-310-x86_64-linux-gnu.so
[0.678s] -- Up-to-date: /home/ros2/ros2_ws2/install/smartcar_msgs/local/lib/python3.10/dist-packages/smartcar_msgs/smartcar_msgs_s__rosidl_typesupport_introspection_c.cpython-310-x86_64-linux-gnu.so
[0.678s] -- Up-to-date: /home/ros2/ros2_ws2/install/smartcar_msgs/local/lib/python3.10/dist-packages/smartcar_msgs/smartcar_msgs_s__rosidl_typesupport_c.cpython-310-x86_64-linux-gnu.so
[0.679s] -- Up-to-date: /home/ros2/ros2_ws2/install/smartcar_msgs/lib/libsmartcar_msgs__rosidl_generator_py.so
[0.679s] -- Up-to-date: /home/ros2/ros2_ws2/install/smartcar_msgs/share/smartcar_msgs/msg/Status.idl
[0.679s] -- Up-to-date: /home/ros2/ros2_ws2/install/smartcar_msgs/share/smartcar_msgs/msg/Status.msg
[0.679s] -- Up-to-date: /home/ros2/ros2_ws2/install/smartcar_msgs/share/smartcar_msgs/msg
[0.680s] -- Up-to-date: /home/ros2/ros2_ws2/install/smartcar_msgs/share/smartcar_msgs/msg/Status.msg
[0.680s] -- Up-to-date: /home/ros2/ros2_ws2/install/smartcar_msgs/share/ament_index/resource_index/package_run_dependencies/smartcar_msgs
[0.680s] -- Up-to-date: /home/ros2/ros2_ws2/install/smartcar_msgs/share/ament_index/resource_index/parent_prefix_path/smartcar_msgs
[0.680s] -- Up-to-date: /home/ros2/ros2_ws2/install/smartcar_msgs/share/smartcar_msgs/environment/ament_prefix_path.sh
[0.680s] -- Up-to-date: /home/ros2/ros2_ws2/install/smartcar_msgs/share/smartcar_msgs/environment/ament_prefix_path.dsv
[0.681s] -- Up-to-date: /home/ros2/ros2_ws2/install/smartcar_msgs/share/smartcar_msgs/environment/path.sh
[0.681s] -- Up-to-date: /home/ros2/ros2_ws2/install/smartcar_msgs/share/smartcar_msgs/environment/path.dsv
[0.681s] -- Up-to-date: /home/ros2/ros2_ws2/install/smartcar_msgs/share/smartcar_msgs/local_setup.bash
[0.681s] -- Up-to-date: /home/ros2/ros2_ws2/install/smartcar_msgs/share/smartcar_msgs/local_setup.sh
[0.681s] -- Up-to-date: /home/ros2/ros2_ws2/install/smartcar_msgs/share/smartcar_msgs/local_setup.zsh
[0.681s] -- Up-to-date: /home/ros2/ros2_ws2/install/smartcar_msgs/share/smartcar_msgs/local_setup.dsv
[0.681s] -- Installing: /home/ros2/ros2_ws2/install/smartcar_msgs/share/smartcar_msgs/package.dsv
[0.682s] -- Up-to-date: /home/ros2/ros2_ws2/install/smartcar_msgs/share/ament_index/resource_index/packages/smartcar_msgs
[0.682s] -- Up-to-date: /home/ros2/ros2_ws2/install/smartcar_msgs/share/smartcar_msgs/cmake/export_smartcar_msgs__rosidl_generator_cExport.cmake
[0.682s] -- Up-to-date: /home/ros2/ros2_ws2/install/smartcar_msgs/share/smartcar_msgs/cmake/export_smartcar_msgs__rosidl_generator_cExport-noconfig.cmake
[0.682s] -- Up-to-date: /home/ros2/ros2_ws2/install/smartcar_msgs/share/smartcar_msgs/cmake/export_smartcar_msgs__rosidl_typesupport_fastrtps_cExport.cmake
[0.682s] -- Up-to-date: /home/ros2/ros2_ws2/install/smartcar_msgs/share/smartcar_msgs/cmake/export_smartcar_msgs__rosidl_typesupport_fastrtps_cExport-noconfig.cmake
[0.685s] -- Up-to-date: /home/ros2/ros2_ws2/install/smartcar_msgs/share/smartcar_msgs/cmake/export_smartcar_msgs__rosidl_generator_cppExport.cmake
[0.685s] -- Up-to-date: /home/ros2/ros2_ws2/install/smartcar_msgs/share/smartcar_msgs/cmake/export_smartcar_msgs__rosidl_typesupport_fastrtps_cppExport.cmake
[0.687s] -- Up-to-date: /home/ros2/ros2_ws2/install/smartcar_msgs/share/smartcar_msgs/cmake/export_smartcar_msgs__rosidl_typesupport_fastrtps_cppExport-noconfig.cmake
[0.688s] -- Up-to-date: /home/ros2/ros2_ws2/install/smartcar_msgs/share/smartcar_msgs/cmake/smartcar_msgs__rosidl_typesupport_introspection_cExport.cmake
[0.688s] -- Up-to-date: /home/ros2/ros2_ws2/install/smartcar_msgs/share/smartcar_msgs/cmake/smartcar_msgs__rosidl_typesupport_introspection_cExport-noconfig.cmake
[0.688s] -- Up-to-date: /home/ros2/ros2_ws2/install/smartcar_msgs/share/smartcar_msgs/cmake/smartcar_msgs__rosidl_typesupport_cExport.cmake
[0.689s] -- Up-to-date: /home/ros2/ros2_ws2/install/smartcar_msgs/share/smartcar_msgs/cmake/smartcar_msgs__rosidl_typesupport_cExport-noconfig.cmake
[0.689s] -- Up-to-date: /home/ros2/ros2_ws2/install/smartcar_msgs/share/smartcar_msgs/cmake/smartcar_msgs__rosidl_typesupport_introspection_cppExport.cmake
[0.689s] -- Up-to-date: /home/ros2/ros2_ws2/install/smartcar_msgs/share/smartcar_msgs/cmake/smartcar_msgs__rosidl_typesupport_introspection_cppExport-noconfig.cmake
[0.689s] -- Up-to-date: /home/ros2/ros2_ws2/install/smartcar_msgs/share/smartcar_msgs/cmake/smartcar_msgs__rosidl_typesupport_cppExport.cmake
[0.689s] -- Up-to-date: /home/ros2/ros2_ws2/install/smartcar_msgs/share/smartcar_msgs/cmake/smartcar_msgs__rosidl_typesupport_cppExport-noconfig.cmake
[0.689s] -- Up-to-date: /home/ros2/ros2_ws2/install/smartcar_msgs/share/smartcar_msgs/cmake/export_smartcar_msgs__rosidl_generator_pyExport.cmake
[0.689s] -- Up-to-date: /home/ros2/ros2_ws2/install/smartcar_msgs/share/smartcar_msgs/cmake/export_smartcar_msgs__rosidl_generator_pyExport-noconfig.cmake
[0.689s] -- Up-to-date: /home/ros2/ros2_ws2/install/smartcar_msgs/share/smartcar_msgs/cmake/rosidl_cmake-extras.cmake
[0.690s] -- Up-to-date: /home/ros2/ros2_ws2/install/smartcar_msgs/share/smartcar_msgs/cmake/ament_cmake_export_dependencies-extras.cmake
[0.690s] -- Up-to-date: /home/ros2/ros2_ws2/install/smartcar_msgs/share/smartcar_msgs/cmake/ament_cmake_export_include_directories-extras.cmake
[0.690s] -- Up-to-date: /home/ros2/ros2_ws2/install/smartcar_msgs/share/smartcar_msgs/cmake/ament_cmake_export_libraries-extras.cmake
[0.690s] -- Up-to-date: /home/ros2/ros2_ws2/install/smartcar_msgs/share/smartcar_msgs/cmake/ament_cmake_export_targets-extras.cmake
[0.690s] -- Up-to-date: /home/ros2/ros2_ws2/install/smartcar_msgs/share/smartcar_msgs/cmake/rosidl_cmake_export_typesupport_targets-extras.cmake
[0.692s] -- Up-to-date: /home/ros2/ros2_ws2/install/smartcar_msgs/share/smartcar_msgs/cmake/rosidl_cmake_export_typesupport_libraries-extras.cmake
[0.692s] -- Up-to-date: /home/ros2/ros2_ws2/install/smartcar_msgs/share/smartcar_msgs/cmake/smartcar_msgsConfig.cmake
[0.692s] -- Up-to-date: /home/ros2/ros2_ws2/install/smartcar_msgs/share/smartcar_msgs/cmake/smartcar_msgsConfig-version.cmake
[0.692s] -- Up-to-date: /home/ros2/ros2_ws2/install/smartcar_msgs/share/smartcar_msgs/package.xml
[0.724s] Invoked command in '/home/ros2/ros2_ws2/build/smartcar_msgs' returned '0': CMAKE_PREFIX_PATH=/opt/ros/humble /usr/bin/cmake --install /home/ros2/ros2_ws2/build/smartcar_msgs
