-- The C compiler identification is GNU 11.4.0
-- The CXX compiler identification is GNU 11.4.0
-- Detecting C compiler ABI info
-- Detecting C compiler ABI info - done
-- Check for working C compiler: /usr/lib/ccache/gcc - skipped
-- Detecting C compile features
-- Detecting C compile features - done
-- Detecting CXX compiler ABI info
-- Detecting CXX compiler ABI info - done
-- Check for working CXX compiler: /usr/lib/ccache/g++ - skipped
-- Detecting CXX compile features
-- Detecting CXX compile features - done
-- Found ament_cmake: 1.3.11 (/opt/ros/humble/share/ament_cmake/cmake)
-- Found Python3: /usr/bin/python3 (found version "3.10.12") found components: Interpreter 
-- Found rclcpp: 16.0.10 (/opt/ros/humble/share/rclcpp/cmake)
-- Found rosidl_generator_c: 3.1.5 (/opt/ros/humble/share/rosidl_generator_c/cmake)
-- Found rosidl_adapter: 3.1.5 (/opt/ros/humble/share/rosidl_adapter/cmake)
-- Found rosidl_generator_cpp: 3.1.5 (/opt/ros/humble/share/rosidl_generator_cpp/cmake)
-- Using all available rosidl_typesupport_c: rosidl_typesupport_fastrtps_c;rosidl_typesupport_introspection_c
-- Using all available rosidl_typesupport_cpp: rosidl_typesupport_fastrtps_cpp;rosidl_typesupport_introspection_cpp
-- Found rmw_implementation_cmake: 6.1.2 (/opt/ros/humble/share/rmw_implementation_cmake/cmake)
-- Found rmw_cyclonedds_cpp: 1.3.4 (/opt/ros/humble/share/rmw_cyclonedds_cpp/cmake)
-- Using RMW implementation 'rmw_cyclonedds_cpp' as default
-- Looking for pthread.h
-- Looking for pthread.h - found
-- Performing Test CMAKE_HAVE_LIBC_PTHREAD
-- Performing Test CMAKE_HAVE_LIBC_PTHREAD - Success
-- Found Threads: TRUE  
-- Found rclpy: 3.3.14 (/opt/ros/humble/share/rclpy/cmake)
-- Found smartcar_msgs: 0.0.0 (/home/ros2/ros2_ws2/install/smartcar_msgs/share/smartcar_msgs/cmake)
-- Found tf2_ros: 0.25.11 (/opt/ros/humble/share/tf2_ros/cmake)
-- Found ament_lint_auto: 0.12.11 (/opt/ros/humble/share/ament_lint_auto/cmake)
-- Added test 'flake8' to check Python code syntax and style conventions
-- Added test 'lint_cmake' to check CMake code style
-- Added test 'pep257' to check Python code against some of the docstring style conventions in PEP 257
-- Added test 'xmllint' to check XML markup files
-- Configuring done
-- Generating done
-- Build files have been written to: /home/ros2/ros2_ws2/build/smart_car
Built target ament_cmake_python_copy_smart_car
running egg_info
creating smart_car.egg-info
writing smart_car.egg-info/PKG-INFO
writing dependency_links to smart_car.egg-info/dependency_links.txt
writing top-level names to smart_car.egg-info/top_level.txt
writing manifest file 'smart_car.egg-info/SOURCES.txt'
reading manifest file 'smart_car.egg-info/SOURCES.txt'
writing manifest file 'smart_car.egg-info/SOURCES.txt'
Built target ament_cmake_python_build_smart_car_egg
-- Install configuration: ""
-- Installing: /home/ros2/ros2_ws2/install/smart_car/share/smart_car/urdf
-- Installing: /home/ros2/ros2_ws2/install/smart_car/share/smart_car/urdf/smartcar.urdf
-- Installing: /home/ros2/ros2_ws2/install/smart_car/share/smart_car/launch
-- Installing: /home/ros2/ros2_ws2/install/smart_car/share/smart_car/launch/format.py
-- Installing: /home/ros2/ros2_ws2/install/smart_car/share/smart_car/launch/gazebo.launch.py
-- Installing: /home/ros2/ros2_ws2/install/smart_car/share/smart_car/launch/__pycache__
-- Installing: /home/ros2/ros2_ws2/install/smart_car/share/smart_car/launch/localization.launch.py
-- Installing: /home/ros2/ros2_ws2/install/smart_car/share/smart_car/launch/smartcar.launch.py
-- Installing: /home/ros2/ros2_ws2/install/smart_car/share/smart_car/launch/nav2.launch.py
-- Installing: /home/ros2/ros2_ws2/install/smart_car/share/smart_car/world
-- Installing: /home/ros2/ros2_ws2/install/smart_car/share/smart_car/world/smalltown.world
-- Installing: /home/ros2/ros2_ws2/install/smart_car/share/smart_car/config
-- Installing: /home/ros2/ros2_ws2/install/smart_car/share/smart_car/config/ekf.yaml
-- Installing: /home/ros2/ros2_ws2/install/smart_car/share/smart_car/config/nav2_params.yaml
-- Installing: /home/ros2/ros2_ws2/install/smart_car/share/smart_car/config/smalltown_world.yaml
-- Installing: /home/ros2/ros2_ws2/install/smart_car/share/smart_car/config/smalltown_world.pgm
-- Installing: /home/ros2/ros2_ws2/install/smart_car/share/smart_car/config/bt_nav2.xml
-- Installing: /home/ros2/ros2_ws2/install/smart_car/share/smart_car/config/controllers.yaml
-- Installing: /home/ros2/ros2_ws2/install/smart_car/share/smart_car/config/ackermann_controller.yaml
-- Installing: /home/ros2/ros2_ws2/install/smart_car/share/smart_car/scripts
-- Installing: /home/ros2/ros2_ws2/install/smart_car/share/smart_car/scripts/odom.py
-- Installing: /home/ros2/ros2_ws2/install/smart_car/share/smart_car/scripts/keyboard_control.py
-- Installing: /home/ros2/ros2_ws2/install/smart_car/share/smart_car/scripts/joint_state_pub.py
-- Installing: /home/ros2/ros2_ws2/install/smart_car/share/smart_car/scripts/vehicle_status.py
-- Installing: /home/ros2/ros2_ws2/install/smart_car/share/smart_car/environment/pythonpath.sh
-- Installing: /home/ros2/ros2_ws2/install/smart_car/share/smart_car/environment/pythonpath.dsv
-- Installing: /home/ros2/ros2_ws2/install/smart_car/local/lib/python3.10/dist-packages/smart_car-0.0.0-py3.10.egg-info
-- Installing: /home/ros2/ros2_ws2/install/smart_car/local/lib/python3.10/dist-packages/smart_car-0.0.0-py3.10.egg-info/SOURCES.txt
-- Installing: /home/ros2/ros2_ws2/install/smart_car/local/lib/python3.10/dist-packages/smart_car-0.0.0-py3.10.egg-info/PKG-INFO
-- Installing: /home/ros2/ros2_ws2/install/smart_car/local/lib/python3.10/dist-packages/smart_car-0.0.0-py3.10.egg-info/top_level.txt
-- Installing: /home/ros2/ros2_ws2/install/smart_car/local/lib/python3.10/dist-packages/smart_car-0.0.0-py3.10.egg-info/dependency_links.txt
-- Installing: /home/ros2/ros2_ws2/install/smart_car/local/lib/python3.10/dist-packages/smart_car
-- Installing: /home/ros2/ros2_ws2/install/smart_car/local/lib/python3.10/dist-packages/smart_car/__init__.py
Listing '/home/ros2/ros2_ws2/install/smart_car/local/lib/python3.10/dist-packages/smart_car'...
Compiling '/home/ros2/ros2_ws2/install/smart_car/local/lib/python3.10/dist-packages/smart_car/__init__.py'...
-- Installing: /home/ros2/ros2_ws2/install/smart_car/lib/smart_car/odom.py
-- Installing: /home/ros2/ros2_ws2/install/smart_car/lib/smart_car/keyboard_control.py
-- Installing: /home/ros2/ros2_ws2/install/smart_car/lib/smart_car/joint_state_pub.py
-- Installing: /home/ros2/ros2_ws2/install/smart_car/lib/smart_car/vehicle_status.py
-- Installing: /home/ros2/ros2_ws2/install/smart_car/share/ament_index/resource_index/package_run_dependencies/smart_car
-- Installing: /home/ros2/ros2_ws2/install/smart_car/share/ament_index/resource_index/parent_prefix_path/smart_car
-- Installing: /home/ros2/ros2_ws2/install/smart_car/share/smart_car/environment/ament_prefix_path.sh
-- Installing: /home/ros2/ros2_ws2/install/smart_car/share/smart_car/environment/ament_prefix_path.dsv
-- Installing: /home/ros2/ros2_ws2/install/smart_car/share/smart_car/environment/path.sh
-- Installing: /home/ros2/ros2_ws2/install/smart_car/share/smart_car/environment/path.dsv
-- Installing: /home/ros2/ros2_ws2/install/smart_car/share/smart_car/local_setup.bash
-- Installing: /home/ros2/ros2_ws2/install/smart_car/share/smart_car/local_setup.sh
-- Installing: /home/ros2/ros2_ws2/install/smart_car/share/smart_car/local_setup.zsh
-- Installing: /home/ros2/ros2_ws2/install/smart_car/share/smart_car/local_setup.dsv
-- Installing: /home/ros2/ros2_ws2/install/smart_car/share/smart_car/package.dsv
-- Installing: /home/ros2/ros2_ws2/install/smart_car/share/ament_index/resource_index/packages/smart_car
-- Installing: /home/ros2/ros2_ws2/install/smart_car/share/smart_car/cmake/smart_carConfig.cmake
-- Installing: /home/ros2/ros2_ws2/install/smart_car/share/smart_car/cmake/smart_carConfig-version.cmake
-- Installing: /home/ros2/ros2_ws2/install/smart_car/share/smart_car/package.xml
