[0.013s] Invoking command in '/home/ros2/ros2_ws2/build/smart_car': CMAKE_PREFIX_PATH=/home/ros2/ros2_ws2/install/smartcar_msgs:/home/ros2/ros2_ws2/install/smart_car:/home/ros2/ros2_ws2/install/car_gazebo_plugin:/home/ros2/ros2_ws2/install/ackermann_msgs:/opt/ros/humble LD_LIBRARY_PATH=/home/ros2/ros2_ws2/install/smartcar_msgs/lib:/home/ros2/ros2_ws2/install/car_gazebo_plugin/lib:/home/ros2/ros2_ws2/install/ackermann_msgs/lib:/usr/lib/x86_64-linux-gnu/gazebo-11/plugins:/opt/ros/humble/opt/rviz_ogre_vendor/lib:/opt/ros/humble/lib/x86_64-linux-gnu:/opt/ros/humble/lib:/usr/lib/x86_64-linux-gnu/gazebo-11/plugins:/usr/lib/x86_64-linux-gnu/gazebo-11/plugins:/usr/lib/x86_64-linux-gnu/gazebo-11/plugins /usr/bin/cmake /home/ros2/ros2_ws2/src/smart_car -DCMAKE_INSTALL_PREFIX=/home/ros2/ros2_ws2/install/smart_car
[0.096s] -- The C compiler identification is GNU 11.4.0
[0.195s] -- The CXX compiler identification is GNU 11.4.0
[0.207s] -- Detecting C compiler ABI info
[0.322s] -- Detecting C compiler ABI info - done
[0.341s] -- Check for working C compiler: /usr/lib/ccache/gcc - skipped
[0.342s] -- Detecting C compile features
[0.345s] -- Detecting C compile features - done
[0.350s] -- Detecting CXX compiler ABI info
[0.484s] -- Detecting CXX compiler ABI info - done
[0.507s] -- Check for working CXX compiler: /usr/lib/ccache/g++ - skipped
[0.507s] -- Detecting CXX compile features
[0.507s] -- Detecting CXX compile features - done
[0.507s] -- Found ament_cmake: 1.3.11 (/opt/ros/humble/share/ament_cmake/cmake)
[1.142s] -- Found Python3: /usr/bin/python3 (found version "3.10.12") found components: Interpreter 
[1.309s] -- Found rclcpp: 16.0.10 (/opt/ros/humble/share/rclcpp/cmake)
[1.374s] -- Found rosidl_generator_c: 3.1.5 (/opt/ros/humble/share/rosidl_generator_c/cmake)
[1.384s] -- Found rosidl_adapter: 3.1.5 (/opt/ros/humble/share/rosidl_adapter/cmake)
[1.397s] -- Found rosidl_generator_cpp: 3.1.5 (/opt/ros/humble/share/rosidl_generator_cpp/cmake)
[1.418s] -- Using all available rosidl_typesupport_c: rosidl_typesupport_fastrtps_c;rosidl_typesupport_introspection_c
[1.445s] -- Using all available rosidl_typesupport_cpp: rosidl_typesupport_fastrtps_cpp;rosidl_typesupport_introspection_cpp
[1.514s] -- Found rmw_implementation_cmake: 6.1.2 (/opt/ros/humble/share/rmw_implementation_cmake/cmake)
[1.518s] -- Found rmw_cyclonedds_cpp: 1.3.4 (/opt/ros/humble/share/rmw_cyclonedds_cpp/cmake)
[1.548s] -- Using RMW implementation 'rmw_cyclonedds_cpp' as default
[1.559s] -- Looking for pthread.h
[1.637s] -- Looking for pthread.h - found
[1.640s] -- Performing Test CMAKE_HAVE_LIBC_PTHREAD
[1.714s] -- Performing Test CMAKE_HAVE_LIBC_PTHREAD - Success
[1.715s] -- Found Threads: TRUE  
[1.801s] -- Found rclpy: 3.3.14 (/opt/ros/humble/share/rclpy/cmake)
[1.802s] -- Found smartcar_msgs: 0.0.0 (/home/ros2/ros2_ws2/install/smartcar_msgs/share/smartcar_msgs/cmake)
[1.855s] -- Found tf2_ros: 0.25.11 (/opt/ros/humble/share/tf2_ros/cmake)
[2.061s] -- Found ament_lint_auto: 0.12.11 (/opt/ros/humble/share/ament_lint_auto/cmake)
[2.197s] -- Added test 'flake8' to check Python code syntax and style conventions
[2.199s] -- Added test 'lint_cmake' to check CMake code style
[2.200s] -- Added test 'pep257' to check Python code against some of the docstring style conventions in PEP 257
[2.203s] -- Added test 'xmllint' to check XML markup files
[2.204s] -- Configuring done
[2.212s] -- Generating done
[2.216s] -- Build files have been written to: /home/ros2/ros2_ws2/build/smart_car
[2.230s] Invoked command in '/home/ros2/ros2_ws2/build/smart_car' returned '0': CMAKE_PREFIX_PATH=/home/ros2/ros2_ws2/install/smartcar_msgs:/home/ros2/ros2_ws2/install/smart_car:/home/ros2/ros2_ws2/install/car_gazebo_plugin:/home/ros2/ros2_ws2/install/ackermann_msgs:/opt/ros/humble LD_LIBRARY_PATH=/home/ros2/ros2_ws2/install/smartcar_msgs/lib:/home/ros2/ros2_ws2/install/car_gazebo_plugin/lib:/home/ros2/ros2_ws2/install/ackermann_msgs/lib:/usr/lib/x86_64-linux-gnu/gazebo-11/plugins:/opt/ros/humble/opt/rviz_ogre_vendor/lib:/opt/ros/humble/lib/x86_64-linux-gnu:/opt/ros/humble/lib:/usr/lib/x86_64-linux-gnu/gazebo-11/plugins:/usr/lib/x86_64-linux-gnu/gazebo-11/plugins:/usr/lib/x86_64-linux-gnu/gazebo-11/plugins /usr/bin/cmake /home/ros2/ros2_ws2/src/smart_car -DCMAKE_INSTALL_PREFIX=/home/ros2/ros2_ws2/install/smart_car
[2.232s] Invoking command in '/home/ros2/ros2_ws2/build/smart_car': CMAKE_PREFIX_PATH=/home/ros2/ros2_ws2/install/smartcar_msgs:/home/ros2/ros2_ws2/install/smart_car:/home/ros2/ros2_ws2/install/car_gazebo_plugin:/home/ros2/ros2_ws2/install/ackermann_msgs:/opt/ros/humble LD_LIBRARY_PATH=/home/ros2/ros2_ws2/install/smartcar_msgs/lib:/home/ros2/ros2_ws2/install/car_gazebo_plugin/lib:/home/ros2/ros2_ws2/install/ackermann_msgs/lib:/usr/lib/x86_64-linux-gnu/gazebo-11/plugins:/opt/ros/humble/opt/rviz_ogre_vendor/lib:/opt/ros/humble/lib/x86_64-linux-gnu:/opt/ros/humble/lib:/usr/lib/x86_64-linux-gnu/gazebo-11/plugins:/usr/lib/x86_64-linux-gnu/gazebo-11/plugins:/usr/lib/x86_64-linux-gnu/gazebo-11/plugins /usr/bin/cmake --build /home/ros2/ros2_ws2/build/smart_car -- -j8 -l8
[2.303s] Built target ament_cmake_python_copy_smart_car
[2.599s] running egg_info
[2.627s] creating smart_car.egg-info
[2.629s] writing smart_car.egg-info/PKG-INFO
[2.629s] writing dependency_links to smart_car.egg-info/dependency_links.txt
[2.629s] writing top-level names to smart_car.egg-info/top_level.txt
[2.629s] writing manifest file 'smart_car.egg-info/SOURCES.txt'
[2.698s] reading manifest file 'smart_car.egg-info/SOURCES.txt'
[2.700s] writing manifest file 'smart_car.egg-info/SOURCES.txt'
[2.746s] Built target ament_cmake_python_build_smart_car_egg
[2.761s] Invoked command in '/home/ros2/ros2_ws2/build/smart_car' returned '0': CMAKE_PREFIX_PATH=/home/ros2/ros2_ws2/install/smartcar_msgs:/home/ros2/ros2_ws2/install/smart_car:/home/ros2/ros2_ws2/install/car_gazebo_plugin:/home/ros2/ros2_ws2/install/ackermann_msgs:/opt/ros/humble LD_LIBRARY_PATH=/home/ros2/ros2_ws2/install/smartcar_msgs/lib:/home/ros2/ros2_ws2/install/car_gazebo_plugin/lib:/home/ros2/ros2_ws2/install/ackermann_msgs/lib:/usr/lib/x86_64-linux-gnu/gazebo-11/plugins:/opt/ros/humble/opt/rviz_ogre_vendor/lib:/opt/ros/humble/lib/x86_64-linux-gnu:/opt/ros/humble/lib:/usr/lib/x86_64-linux-gnu/gazebo-11/plugins:/usr/lib/x86_64-linux-gnu/gazebo-11/plugins:/usr/lib/x86_64-linux-gnu/gazebo-11/plugins /usr/bin/cmake --build /home/ros2/ros2_ws2/build/smart_car -- -j8 -l8
[2.762s] Invoking command in '/home/ros2/ros2_ws2/build/smart_car': CMAKE_PREFIX_PATH=/home/ros2/ros2_ws2/install/smartcar_msgs:/home/ros2/ros2_ws2/install/smart_car:/home/ros2/ros2_ws2/install/car_gazebo_plugin:/home/ros2/ros2_ws2/install/ackermann_msgs:/opt/ros/humble LD_LIBRARY_PATH=/home/ros2/ros2_ws2/install/smartcar_msgs/lib:/home/ros2/ros2_ws2/install/car_gazebo_plugin/lib:/home/ros2/ros2_ws2/install/ackermann_msgs/lib:/usr/lib/x86_64-linux-gnu/gazebo-11/plugins:/opt/ros/humble/opt/rviz_ogre_vendor/lib:/opt/ros/humble/lib/x86_64-linux-gnu:/opt/ros/humble/lib:/usr/lib/x86_64-linux-gnu/gazebo-11/plugins:/usr/lib/x86_64-linux-gnu/gazebo-11/plugins:/usr/lib/x86_64-linux-gnu/gazebo-11/plugins /usr/bin/cmake --install /home/ros2/ros2_ws2/build/smart_car
[2.769s] -- Install configuration: ""
[2.769s] -- Installing: /home/ros2/ros2_ws2/install/smart_car/share/smart_car/urdf
[2.769s] -- Installing: /home/ros2/ros2_ws2/install/smart_car/share/smart_car/urdf/smartcar.urdf
[2.770s] -- Installing: /home/ros2/ros2_ws2/install/smart_car/share/smart_car/launch
[2.770s] -- Installing: /home/ros2/ros2_ws2/install/smart_car/share/smart_car/launch/format.py
[2.770s] -- Installing: /home/ros2/ros2_ws2/install/smart_car/share/smart_car/launch/gazebo.launch.py
[2.771s] -- Installing: /home/ros2/ros2_ws2/install/smart_car/share/smart_car/launch/__pycache__
[2.771s] -- Installing: /home/ros2/ros2_ws2/install/smart_car/share/smart_car/launch/localization.launch.py
[2.771s] -- Installing: /home/ros2/ros2_ws2/install/smart_car/share/smart_car/launch/smartcar.launch.py
[2.772s] -- Installing: /home/ros2/ros2_ws2/install/smart_car/share/smart_car/launch/nav2.launch.py
[2.772s] -- Installing: /home/ros2/ros2_ws2/install/smart_car/share/smart_car/world
[2.772s] -- Installing: /home/ros2/ros2_ws2/install/smart_car/share/smart_car/world/smalltown.world
[2.773s] -- Installing: /home/ros2/ros2_ws2/install/smart_car/share/smart_car/config
[2.773s] -- Installing: /home/ros2/ros2_ws2/install/smart_car/share/smart_car/config/ekf.yaml
[2.774s] -- Installing: /home/ros2/ros2_ws2/install/smart_car/share/smart_car/config/nav2_params.yaml
[2.774s] -- Installing: /home/ros2/ros2_ws2/install/smart_car/share/smart_car/config/smalltown_world.yaml
[2.775s] -- Installing: /home/ros2/ros2_ws2/install/smart_car/share/smart_car/config/smalltown_world.pgm
[2.788s] -- Installing: /home/ros2/ros2_ws2/install/smart_car/share/smart_car/config/bt_nav2.xml
[2.788s] -- Installing: /home/ros2/ros2_ws2/install/smart_car/share/smart_car/config/controllers.yaml
[2.789s] -- Installing: /home/ros2/ros2_ws2/install/smart_car/share/smart_car/config/ackermann_controller.yaml
[2.789s] -- Installing: /home/ros2/ros2_ws2/install/smart_car/share/smart_car/scripts
[2.789s] -- Installing: /home/ros2/ros2_ws2/install/smart_car/share/smart_car/scripts/odom.py
[2.790s] -- Installing: /home/ros2/ros2_ws2/install/smart_car/share/smart_car/scripts/keyboard_control.py
[2.790s] -- Installing: /home/ros2/ros2_ws2/install/smart_car/share/smart_car/scripts/joint_state_pub.py
[2.790s] -- Installing: /home/ros2/ros2_ws2/install/smart_car/share/smart_car/scripts/vehicle_status.py
[2.791s] -- Installing: /home/ros2/ros2_ws2/install/smart_car/share/smart_car/environment/pythonpath.sh
[2.791s] -- Installing: /home/ros2/ros2_ws2/install/smart_car/share/smart_car/environment/pythonpath.dsv
[2.791s] -- Installing: /home/ros2/ros2_ws2/install/smart_car/local/lib/python3.10/dist-packages/smart_car-0.0.0-py3.10.egg-info
[2.792s] -- Installing: /home/ros2/ros2_ws2/install/smart_car/local/lib/python3.10/dist-packages/smart_car-0.0.0-py3.10.egg-info/SOURCES.txt
[2.792s] -- Installing: /home/ros2/ros2_ws2/install/smart_car/local/lib/python3.10/dist-packages/smart_car-0.0.0-py3.10.egg-info/PKG-INFO
[2.792s] -- Installing: /home/ros2/ros2_ws2/install/smart_car/local/lib/python3.10/dist-packages/smart_car-0.0.0-py3.10.egg-info/top_level.txt
[2.792s] -- Installing: /home/ros2/ros2_ws2/install/smart_car/local/lib/python3.10/dist-packages/smart_car-0.0.0-py3.10.egg-info/dependency_links.txt
[2.792s] -- Installing: /home/ros2/ros2_ws2/install/smart_car/local/lib/python3.10/dist-packages/smart_car
[2.792s] -- Installing: /home/ros2/ros2_ws2/install/smart_car/local/lib/python3.10/dist-packages/smart_car/__init__.py
[2.834s] Listing '/home/ros2/ros2_ws2/install/smart_car/local/lib/python3.10/dist-packages/smart_car'...
[2.834s] Compiling '/home/ros2/ros2_ws2/install/smart_car/local/lib/python3.10/dist-packages/smart_car/__init__.py'...
[2.842s] -- Installing: /home/ros2/ros2_ws2/install/smart_car/lib/smart_car/odom.py
[2.843s] -- Installing: /home/ros2/ros2_ws2/install/smart_car/lib/smart_car/keyboard_control.py
[2.843s] -- Installing: /home/ros2/ros2_ws2/install/smart_car/lib/smart_car/joint_state_pub.py
[2.843s] -- Installing: /home/ros2/ros2_ws2/install/smart_car/lib/smart_car/vehicle_status.py
[2.843s] -- Installing: /home/ros2/ros2_ws2/install/smart_car/share/ament_index/resource_index/package_run_dependencies/smart_car
[2.843s] -- Installing: /home/ros2/ros2_ws2/install/smart_car/share/ament_index/resource_index/parent_prefix_path/smart_car
[2.843s] -- Installing: /home/ros2/ros2_ws2/install/smart_car/share/smart_car/environment/ament_prefix_path.sh
[2.843s] -- Installing: /home/ros2/ros2_ws2/install/smart_car/share/smart_car/environment/ament_prefix_path.dsv
[2.844s] -- Installing: /home/ros2/ros2_ws2/install/smart_car/share/smart_car/environment/path.sh
[2.844s] -- Installing: /home/ros2/ros2_ws2/install/smart_car/share/smart_car/environment/path.dsv
[2.844s] -- Installing: /home/ros2/ros2_ws2/install/smart_car/share/smart_car/local_setup.bash
[2.844s] -- Installing: /home/ros2/ros2_ws2/install/smart_car/share/smart_car/local_setup.sh
[2.844s] -- Installing: /home/ros2/ros2_ws2/install/smart_car/share/smart_car/local_setup.zsh
[2.844s] -- Installing: /home/ros2/ros2_ws2/install/smart_car/share/smart_car/local_setup.dsv
[2.845s] -- Installing: /home/ros2/ros2_ws2/install/smart_car/share/smart_car/package.dsv
[2.845s] -- Installing: /home/ros2/ros2_ws2/install/smart_car/share/ament_index/resource_index/packages/smart_car
[2.845s] -- Installing: /home/ros2/ros2_ws2/install/smart_car/share/smart_car/cmake/smart_carConfig.cmake
[2.845s] -- Installing: /home/ros2/ros2_ws2/install/smart_car/share/smart_car/cmake/smart_carConfig-version.cmake
[2.845s] -- Installing: /home/ros2/ros2_ws2/install/smart_car/share/smart_car/package.xml
[2.849s] Invoked command in '/home/ros2/ros2_ws2/build/smart_car' returned '0': CMAKE_PREFIX_PATH=/home/ros2/ros2_ws2/install/smartcar_msgs:/home/ros2/ros2_ws2/install/smart_car:/home/ros2/ros2_ws2/install/car_gazebo_plugin:/home/ros2/ros2_ws2/install/ackermann_msgs:/opt/ros/humble LD_LIBRARY_PATH=/home/ros2/ros2_ws2/install/smartcar_msgs/lib:/home/ros2/ros2_ws2/install/car_gazebo_plugin/lib:/home/ros2/ros2_ws2/install/ackermann_msgs/lib:/usr/lib/x86_64-linux-gnu/gazebo-11/plugins:/opt/ros/humble/opt/rviz_ogre_vendor/lib:/opt/ros/humble/lib/x86_64-linux-gnu:/opt/ros/humble/lib:/usr/lib/x86_64-linux-gnu/gazebo-11/plugins:/usr/lib/x86_64-linux-gnu/gazebo-11/plugins:/usr/lib/x86_64-linux-gnu/gazebo-11/plugins /usr/bin/cmake --install /home/ros2/ros2_ws2/build/smart_car
