[0.019s] Invoking command in '/home/ros2/ros2_ws2/build/smartcar_msgs': CMAKE_PREFIX_PATH=${CMAKE_PREFIX_PATH}:/opt/ros/humble /usr/bin/cmake /home/ros2/ros2_ws2/src/smartcar_msgs -DCMAKE_INSTALL_PREFIX=/home/ros2/ros2_ws2/install/smartcar_msgs
[0.161s] -- The C compiler identification is GNU 11.4.0
[0.281s] -- The CXX compiler identification is GNU 11.4.0
[0.298s] -- Detecting C compiler ABI info
[0.382s] -- Detecting C compiler ABI info - done
[0.394s] -- Check for working C compiler: /usr/lib/ccache/gcc - skipped
[0.395s] -- Detecting C compile features
[0.396s] -- Detecting C compile features - done
[0.402s] -- Detecting CXX compiler ABI info
[0.513s] -- Detecting CXX compiler ABI info - done
[0.527s] -- Check for working CXX compiler: /usr/lib/ccache/g++ - skipped
[0.527s] -- Detecting CXX compile features
[0.528s] -- Detecting CXX compile features - done
[0.542s] -- Found ament_cmake: 1.3.11 (/opt/ros/humble/share/ament_cmake/cmake)
[1.217s] -- Found Python3: /usr/bin/python3 (found version "3.10.12") found components: Interpreter 
[1.425s] -- Found rclcpp: 16.0.10 (/opt/ros/humble/share/rclcpp/cmake)
[1.524s] -- Found rosidl_generator_c: 3.1.5 (/opt/ros/humble/share/rosidl_generator_c/cmake)
[1.534s] -- Found rosidl_adapter: 3.1.5 (/opt/ros/humble/share/rosidl_adapter/cmake)
[1.550s] -- Found rosidl_generator_cpp: 3.1.5 (/opt/ros/humble/share/rosidl_generator_cpp/cmake)
[1.580s] -- Using all available rosidl_typesupport_c: rosidl_typesupport_fastrtps_c;rosidl_typesupport_introspection_c
[1.608s] -- Using all available rosidl_typesupport_cpp: rosidl_typesupport_fastrtps_cpp;rosidl_typesupport_introspection_cpp
[1.724s] -- Found rmw_implementation_cmake: 6.1.2 (/opt/ros/humble/share/rmw_implementation_cmake/cmake)
[1.731s] -- Found rmw_cyclonedds_cpp: 1.3.4 (/opt/ros/humble/share/rmw_cyclonedds_cpp/cmake)
[1.786s] -- Using RMW implementation 'rmw_cyclonedds_cpp' as default
[1.807s] -- Looking for pthread.h
[1.909s] -- Looking for pthread.h - found
[1.910s] -- Performing Test CMAKE_HAVE_LIBC_PTHREAD
[2.003s] -- Performing Test CMAKE_HAVE_LIBC_PTHREAD - Success
[2.004s] -- Found Threads: TRUE  
[2.120s] -- Found rclpy: 3.3.14 (/opt/ros/humble/share/rclpy/cmake)
[2.123s] -- Found geometry_msgs: 4.2.4 (/opt/ros/humble/share/geometry_msgs/cmake)
[2.153s] -- Found rosidl_default_generators: 1.2.0 (/opt/ros/humble/share/rosidl_default_generators/cmake)
[2.170s] -- Found ament_lint_auto: 0.12.11 (/opt/ros/humble/share/ament_lint_auto/cmake)
[2.667s] -- Found ament_cmake_ros: 0.10.0 (/opt/ros/humble/share/ament_cmake_ros/cmake)
[3.345s] -- Using all available rosidl_typesupport_c: rosidl_typesupport_fastrtps_c;rosidl_typesupport_introspection_c
[3.629s] -- Using all available rosidl_typesupport_cpp: rosidl_typesupport_fastrtps_cpp;rosidl_typesupport_introspection_cpp
[3.665s] -- Found PythonInterp: /usr/bin/python3 (found suitable version "3.10.12", minimum required is "3.6") 
[3.668s] -- Found python_cmake_module: 0.10.0 (/opt/ros/humble/share/python_cmake_module/cmake)
[3.713s] -- Found PythonLibs: /usr/lib/x86_64-linux-gnu/libpython3.10.so (found suitable version "3.10.12", minimum required is "3.5") 
[3.713s] -- Using PYTHON_EXECUTABLE: /usr/bin/python3
[3.713s] -- Using PYTHON_INCLUDE_DIRS: /usr/include/python3.10
[3.713s] -- Using PYTHON_LIBRARIES: /usr/lib/x86_64-linux-gnu/libpython3.10.so
[3.745s] -- Found PythonExtra: .so  
[3.874s] -- Added test 'flake8' to check Python code syntax and style conventions
[3.875s] -- Added test 'lint_cmake' to check CMake code style
[3.876s] -- Added test 'pep257' to check Python code against some of the docstring style conventions in PEP 257
[3.879s] -- Added test 'xmllint' to check XML markup files
[3.886s] -- Configuring done
[3.950s] -- Generating done
[3.973s] -- Build files have been written to: /home/ros2/ros2_ws2/build/smartcar_msgs
[3.997s] Invoked command in '/home/ros2/ros2_ws2/build/smartcar_msgs' returned '0': CMAKE_PREFIX_PATH=${CMAKE_PREFIX_PATH}:/opt/ros/humble /usr/bin/cmake /home/ros2/ros2_ws2/src/smartcar_msgs -DCMAKE_INSTALL_PREFIX=/home/ros2/ros2_ws2/install/smartcar_msgs
[4.000s] Invoking command in '/home/ros2/ros2_ws2/build/smartcar_msgs': CMAKE_PREFIX_PATH=${CMAKE_PREFIX_PATH}:/opt/ros/humble /usr/bin/cmake --build /home/ros2/ros2_ws2/build/smartcar_msgs -- -j8 -l8
[4.068s] [  3%] [34m[1mGenerating C code for ROS interfaces[0m
[4.085s] [  6%] [34m[1mGenerating C++ code for ROS interfaces[0m
[4.099s] [  6%] Built target ament_cmake_python_copy_smartcar_msgs
[4.591s] running egg_info
[4.677s] creating smartcar_msgs.egg-info
[4.681s] writing smartcar_msgs.egg-info/PKG-INFO
[4.683s] writing dependency_links to smartcar_msgs.egg-info/dependency_links.txt
[4.683s] writing top-level names to smartcar_msgs.egg-info/top_level.txt
[4.683s] writing manifest file 'smartcar_msgs.egg-info/SOURCES.txt'
[4.751s] [  6%] Built target smartcar_msgs__cpp
[4.763s] [  9%] [32mBuilding C object CMakeFiles/smartcar_msgs__rosidl_generator_c.dir/rosidl_generator_c/smartcar_msgs/msg/detail/status__functions.c.o[0m
[4.792s] [ 12%] [34m[1mGenerating C++ type support for eProsima Fast-RTPS[0m
[4.807s] [ 16%] [34m[1mGenerating C++ type support dispatch for ROS interfaces[0m
[4.807s] [ 19%] [34m[1mGenerating C++ introspection for ROS interfaces[0m
[4.830s] [ 22%] [32m[1mLinking C shared library libsmartcar_msgs__rosidl_generator_c.so[0m
[4.839s] reading manifest file 'smartcar_msgs.egg-info/SOURCES.txt'
[4.841s] writing manifest file 'smartcar_msgs.egg-info/SOURCES.txt'
[4.959s] [ 22%] Built target ament_cmake_python_build_smartcar_msgs_egg
[4.993s] [ 22%] Built target smartcar_msgs__rosidl_generator_c
[5.029s] [ 29%] [34m[1mGenerating C introspection for ROS interfaces[0m
[5.032s] [ 29%] [34m[1mGenerating C type support for eProsima Fast-RTPS[0m
[5.052s] [ 32%] [34m[1mGenerating C type support dispatch for ROS interfaces[0m
[5.855s] [ 35%] [32mBuilding CXX object CMakeFiles/smartcar_msgs__rosidl_typesupport_c.dir/rosidl_typesupport_c/smartcar_msgs/msg/status__type_support.cpp.o[0m
[5.896s] [ 38%] [32mBuilding CXX object CMakeFiles/smartcar_msgs__rosidl_typesupport_introspection_cpp.dir/rosidl_typesupport_introspection_cpp/smartcar_msgs/msg/detail/status__type_support.cpp.o[0m
[5.898s] [ 41%] [32m[1mLinking CXX shared library libsmartcar_msgs__rosidl_typesupport_c.so[0m
[5.926s] [ 45%] [32mBuilding CXX object CMakeFiles/smartcar_msgs__rosidl_typesupport_cpp.dir/rosidl_typesupport_cpp/smartcar_msgs/msg/status__type_support.cpp.o[0m
[5.948s] [ 48%] [32m[1mLinking CXX shared library libsmartcar_msgs__rosidl_typesupport_introspection_cpp.so[0m
[5.977s] [ 51%] [32m[1mLinking CXX shared library libsmartcar_msgs__rosidl_typesupport_cpp.so[0m
[5.988s] [ 54%] [32mBuilding CXX object CMakeFiles/smartcar_msgs__rosidl_typesupport_fastrtps_c.dir/rosidl_typesupport_fastrtps_c/smartcar_msgs/msg/detail/status__type_support_c.cpp.o[0m
[6.014s] [ 54%] Built target smartcar_msgs__rosidl_typesupport_c
[6.064s] [ 58%] [32mBuilding CXX object CMakeFiles/smartcar_msgs__rosidl_typesupport_fastrtps_cpp.dir/rosidl_typesupport_fastrtps_cpp/smartcar_msgs/msg/detail/dds_fastrtps/status__type_support.cpp.o[0m
[6.064s] [ 61%] [32mBuilding C object CMakeFiles/smartcar_msgs__rosidl_typesupport_introspection_c.dir/rosidl_typesupport_introspection_c/smartcar_msgs/msg/detail/status__type_support.c.o[0m
[6.091s] [ 64%] [32m[1mLinking C shared library libsmartcar_msgs__rosidl_typesupport_introspection_c.so[0m
[6.099s] [ 64%] Built target smartcar_msgs__rosidl_typesupport_cpp
[6.105s] [ 64%] Built target smartcar_msgs__rosidl_typesupport_introspection_cpp
[6.144s] [ 64%] Built target smartcar_msgs__rosidl_typesupport_introspection_c
[6.164s] [ 67%] [32m[1mLinking CXX shared library libsmartcar_msgs__rosidl_typesupport_fastrtps_c.so[0m
[6.212s] [ 70%] [32m[1mLinking CXX shared library libsmartcar_msgs__rosidl_typesupport_fastrtps_cpp.so[0m
[6.358s] [ 70%] Built target smartcar_msgs__rosidl_typesupport_fastrtps_c
[6.382s] [ 70%] Built target smartcar_msgs__rosidl_typesupport_fastrtps_cpp
[6.409s] [ 70%] Built target smartcar_msgs
[6.436s] [ 74%] [34m[1mGenerating Python code for ROS interfaces[0m
[6.918s] [ 74%] Built target smartcar_msgs__py
[6.943s] [ 77%] [32mBuilding C object CMakeFiles/smartcar_msgs__rosidl_generator_py.dir/rosidl_generator_py/smartcar_msgs/msg/_status_s.c.o[0m
[7.000s] [ 80%] [32m[1mLinking C shared library rosidl_generator_py/smartcar_msgs/libsmartcar_msgs__rosidl_generator_py.so[0m
[7.055s] [ 80%] Built target smartcar_msgs__rosidl_generator_py
[7.079s] [ 87%] [32mBuilding C object CMakeFiles/smartcar_msgs__rosidl_typesupport_c__pyext.dir/rosidl_generator_py/smartcar_msgs/_smartcar_msgs_s.ep.rosidl_typesupport_c.c.o[0m
[7.080s] [ 90%] [32mBuilding C object CMakeFiles/smartcar_msgs__rosidl_typesupport_fastrtps_c__pyext.dir/rosidl_generator_py/smartcar_msgs/_smartcar_msgs_s.ep.rosidl_typesupport_fastrtps_c.c.o[0m
[7.080s] [ 90%] [32mBuilding C object CMakeFiles/smartcar_msgs__rosidl_typesupport_introspection_c__pyext.dir/rosidl_generator_py/smartcar_msgs/_smartcar_msgs_s.ep.rosidl_typesupport_introspection_c.c.o[0m
[7.101s] [ 96%] [32m[1mLinking C shared library rosidl_generator_py/smartcar_msgs/smartcar_msgs_s__rosidl_typesupport_c.cpython-310-x86_64-linux-gnu.so[0m
[7.101s] [ 96%] [32m[1mLinking C shared library rosidl_generator_py/smartcar_msgs/smartcar_msgs_s__rosidl_typesupport_introspection_c.cpython-310-x86_64-linux-gnu.so[0m
[7.102s] [100%] [32m[1mLinking C shared library rosidl_generator_py/smartcar_msgs/smartcar_msgs_s__rosidl_typesupport_fastrtps_c.cpython-310-x86_64-linux-gnu.so[0m
[7.163s] [100%] Built target smartcar_msgs__rosidl_typesupport_fastrtps_c__pyext
[7.165s] [100%] Built target smartcar_msgs__rosidl_typesupport_c__pyext
[7.170s] [100%] Built target smartcar_msgs__rosidl_typesupport_introspection_c__pyext
[7.191s] Invoked command in '/home/ros2/ros2_ws2/build/smartcar_msgs' returned '0': CMAKE_PREFIX_PATH=${CMAKE_PREFIX_PATH}:/opt/ros/humble /usr/bin/cmake --build /home/ros2/ros2_ws2/build/smartcar_msgs -- -j8 -l8
[7.206s] Invoking command in '/home/ros2/ros2_ws2/build/smartcar_msgs': CMAKE_PREFIX_PATH=${CMAKE_PREFIX_PATH}:/opt/ros/humble /usr/bin/cmake --install /home/ros2/ros2_ws2/build/smartcar_msgs
[7.218s] -- Install configuration: ""
[7.218s] -- Installing: /home/ros2/ros2_ws2/install/smartcar_msgs/share/ament_index/resource_index/rosidl_interfaces/smartcar_msgs
[7.218s] -- Installing: /home/ros2/ros2_ws2/install/smartcar_msgs/include/smartcar_msgs/smartcar_msgs
[7.218s] -- Installing: /home/ros2/ros2_ws2/install/smartcar_msgs/include/smartcar_msgs/smartcar_msgs/msg
[7.218s] -- Installing: /home/ros2/ros2_ws2/install/smartcar_msgs/include/smartcar_msgs/smartcar_msgs/msg/status.h
[7.218s] -- Installing: /home/ros2/ros2_ws2/install/smartcar_msgs/include/smartcar_msgs/smartcar_msgs/msg/rosidl_generator_c__visibility_control.h
[7.218s] -- Installing: /home/ros2/ros2_ws2/install/smartcar_msgs/include/smartcar_msgs/smartcar_msgs/msg/detail
[7.219s] -- Installing: /home/ros2/ros2_ws2/install/smartcar_msgs/include/smartcar_msgs/smartcar_msgs/msg/detail/status__type_support.h
[7.219s] -- Installing: /home/ros2/ros2_ws2/install/smartcar_msgs/include/smartcar_msgs/smartcar_msgs/msg/detail/status__functions.h
[7.219s] -- Installing: /home/ros2/ros2_ws2/install/smartcar_msgs/include/smartcar_msgs/smartcar_msgs/msg/detail/status__struct.h
[7.219s] -- Installing: /home/ros2/ros2_ws2/install/smartcar_msgs/include/smartcar_msgs/smartcar_msgs/msg/detail/status__functions.c
[7.219s] -- Installing: /home/ros2/ros2_ws2/install/smartcar_msgs/share/smartcar_msgs/environment/library_path.sh
[7.219s] -- Installing: /home/ros2/ros2_ws2/install/smartcar_msgs/share/smartcar_msgs/environment/library_path.dsv
[7.220s] -- Installing: /home/ros2/ros2_ws2/install/smartcar_msgs/lib/libsmartcar_msgs__rosidl_generator_c.so
[7.220s] -- Set runtime path of "/home/ros2/ros2_ws2/install/smartcar_msgs/lib/libsmartcar_msgs__rosidl_generator_c.so" to ""
[7.220s] -- Up-to-date: /home/ros2/ros2_ws2/install/smartcar_msgs/include/smartcar_msgs/smartcar_msgs
[7.220s] -- Up-to-date: /home/ros2/ros2_ws2/install/smartcar_msgs/include/smartcar_msgs/smartcar_msgs/msg
[7.220s] -- Installing: /home/ros2/ros2_ws2/install/smartcar_msgs/include/smartcar_msgs/smartcar_msgs/msg/rosidl_typesupport_fastrtps_c__visibility_control.h
[7.221s] -- Up-to-date: /home/ros2/ros2_ws2/install/smartcar_msgs/include/smartcar_msgs/smartcar_msgs/msg/detail
[7.221s] -- Installing: /home/ros2/ros2_ws2/install/smartcar_msgs/include/smartcar_msgs/smartcar_msgs/msg/detail/status__rosidl_typesupport_fastrtps_c.h
[7.221s] -- Installing: /home/ros2/ros2_ws2/install/smartcar_msgs/lib/libsmartcar_msgs__rosidl_typesupport_fastrtps_c.so
[7.221s] -- Set runtime path of "/home/ros2/ros2_ws2/install/smartcar_msgs/lib/libsmartcar_msgs__rosidl_typesupport_fastrtps_c.so" to ""
[7.222s] -- Up-to-date: /home/ros2/ros2_ws2/install/smartcar_msgs/include/smartcar_msgs/smartcar_msgs
[7.222s] -- Up-to-date: /home/ros2/ros2_ws2/install/smartcar_msgs/include/smartcar_msgs/smartcar_msgs/msg
[7.222s] -- Up-to-date: /home/ros2/ros2_ws2/install/smartcar_msgs/include/smartcar_msgs/smartcar_msgs/msg/detail
[7.222s] -- Installing: /home/ros2/ros2_ws2/install/smartcar_msgs/include/smartcar_msgs/smartcar_msgs/msg/detail/status__traits.hpp
[7.222s] -- Installing: /home/ros2/ros2_ws2/install/smartcar_msgs/include/smartcar_msgs/smartcar_msgs/msg/detail/status__struct.hpp
[7.222s] -- Installing: /home/ros2/ros2_ws2/install/smartcar_msgs/include/smartcar_msgs/smartcar_msgs/msg/detail/status__builder.hpp
[7.222s] -- Installing: /home/ros2/ros2_ws2/install/smartcar_msgs/include/smartcar_msgs/smartcar_msgs/msg/status.hpp
[7.223s] -- Up-to-date: /home/ros2/ros2_ws2/install/smartcar_msgs/include/smartcar_msgs/smartcar_msgs
[7.223s] -- Up-to-date: /home/ros2/ros2_ws2/install/smartcar_msgs/include/smartcar_msgs/smartcar_msgs/msg
[7.223s] -- Installing: /home/ros2/ros2_ws2/install/smartcar_msgs/include/smartcar_msgs/smartcar_msgs/msg/rosidl_typesupport_fastrtps_cpp__visibility_control.h
[7.223s] -- Up-to-date: /home/ros2/ros2_ws2/install/smartcar_msgs/include/smartcar_msgs/smartcar_msgs/msg/detail
[7.223s] -- Installing: /home/ros2/ros2_ws2/install/smartcar_msgs/include/smartcar_msgs/smartcar_msgs/msg/detail/status__rosidl_typesupport_fastrtps_cpp.hpp
[7.223s] -- Installing: /home/ros2/ros2_ws2/install/smartcar_msgs/include/smartcar_msgs/smartcar_msgs/msg/detail/dds_fastrtps
[7.223s] -- Installing: /home/ros2/ros2_ws2/install/smartcar_msgs/lib/libsmartcar_msgs__rosidl_typesupport_fastrtps_cpp.so
[7.223s] -- Set runtime path of "/home/ros2/ros2_ws2/install/smartcar_msgs/lib/libsmartcar_msgs__rosidl_typesupport_fastrtps_cpp.so" to ""
[7.223s] -- Up-to-date: /home/ros2/ros2_ws2/install/smartcar_msgs/include/smartcar_msgs/smartcar_msgs
[7.224s] -- Up-to-date: /home/ros2/ros2_ws2/install/smartcar_msgs/include/smartcar_msgs/smartcar_msgs/msg
[7.224s] -- Up-to-date: /home/ros2/ros2_ws2/install/smartcar_msgs/include/smartcar_msgs/smartcar_msgs/msg/detail
[7.224s] -- Installing: /home/ros2/ros2_ws2/install/smartcar_msgs/include/smartcar_msgs/smartcar_msgs/msg/detail/status__type_support.c
[7.224s] -- Installing: /home/ros2/ros2_ws2/install/smartcar_msgs/include/smartcar_msgs/smartcar_msgs/msg/detail/status__rosidl_typesupport_introspection_c.h
[7.224s] -- Installing: /home/ros2/ros2_ws2/install/smartcar_msgs/include/smartcar_msgs/smartcar_msgs/msg/rosidl_typesupport_introspection_c__visibility_control.h
[7.224s] -- Installing: /home/ros2/ros2_ws2/install/smartcar_msgs/lib/libsmartcar_msgs__rosidl_typesupport_introspection_c.so
[7.225s] -- Set runtime path of "/home/ros2/ros2_ws2/install/smartcar_msgs/lib/libsmartcar_msgs__rosidl_typesupport_introspection_c.so" to ""
[7.225s] -- Installing: /home/ros2/ros2_ws2/install/smartcar_msgs/lib/libsmartcar_msgs__rosidl_typesupport_c.so
[7.226s] -- Set runtime path of "/home/ros2/ros2_ws2/install/smartcar_msgs/lib/libsmartcar_msgs__rosidl_typesupport_c.so" to ""
[7.226s] -- Up-to-date: /home/ros2/ros2_ws2/install/smartcar_msgs/include/smartcar_msgs/smartcar_msgs
[7.226s] -- Up-to-date: /home/ros2/ros2_ws2/install/smartcar_msgs/include/smartcar_msgs/smartcar_msgs/msg
[7.226s] -- Up-to-date: /home/ros2/ros2_ws2/install/smartcar_msgs/include/smartcar_msgs/smartcar_msgs/msg/detail
[7.226s] -- Installing: /home/ros2/ros2_ws2/install/smartcar_msgs/include/smartcar_msgs/smartcar_msgs/msg/detail/status__type_support.cpp
[7.226s] -- Installing: /home/ros2/ros2_ws2/install/smartcar_msgs/include/smartcar_msgs/smartcar_msgs/msg/detail/status__rosidl_typesupport_introspection_cpp.hpp
[7.226s] -- Installing: /home/ros2/ros2_ws2/install/smartcar_msgs/lib/libsmartcar_msgs__rosidl_typesupport_introspection_cpp.so
[7.226s] -- Set runtime path of "/home/ros2/ros2_ws2/install/smartcar_msgs/lib/libsmartcar_msgs__rosidl_typesupport_introspection_cpp.so" to ""
[7.227s] -- Installing: /home/ros2/ros2_ws2/install/smartcar_msgs/lib/libsmartcar_msgs__rosidl_typesupport_cpp.so
[7.227s] -- Set runtime path of "/home/ros2/ros2_ws2/install/smartcar_msgs/lib/libsmartcar_msgs__rosidl_typesupport_cpp.so" to ""
[7.227s] -- Installing: /home/ros2/ros2_ws2/install/smartcar_msgs/share/smartcar_msgs/environment/pythonpath.sh
[7.227s] -- Installing: /home/ros2/ros2_ws2/install/smartcar_msgs/share/smartcar_msgs/environment/pythonpath.dsv
[7.228s] -- Installing: /home/ros2/ros2_ws2/install/smartcar_msgs/local/lib/python3.10/dist-packages/smartcar_msgs-0.0.0-py3.10.egg-info
[7.228s] -- Installing: /home/ros2/ros2_ws2/install/smartcar_msgs/local/lib/python3.10/dist-packages/smartcar_msgs-0.0.0-py3.10.egg-info/SOURCES.txt
[7.228s] -- Installing: /home/ros2/ros2_ws2/install/smartcar_msgs/local/lib/python3.10/dist-packages/smartcar_msgs-0.0.0-py3.10.egg-info/PKG-INFO
[7.228s] -- Installing: /home/ros2/ros2_ws2/install/smartcar_msgs/local/lib/python3.10/dist-packages/smartcar_msgs-0.0.0-py3.10.egg-info/top_level.txt
[7.228s] -- Installing: /home/ros2/ros2_ws2/install/smartcar_msgs/local/lib/python3.10/dist-packages/smartcar_msgs-0.0.0-py3.10.egg-info/dependency_links.txt
[7.228s] -- Installing: /home/ros2/ros2_ws2/install/smartcar_msgs/local/lib/python3.10/dist-packages/smartcar_msgs
[7.228s] -- Installing: /home/ros2/ros2_ws2/install/smartcar_msgs/local/lib/python3.10/dist-packages/smartcar_msgs/__init__.py
[7.229s] -- Installing: /home/ros2/ros2_ws2/install/smartcar_msgs/local/lib/python3.10/dist-packages/smartcar_msgs/libsmartcar_msgs__rosidl_generator_py.so
[7.229s] -- Installing: /home/ros2/ros2_ws2/install/smartcar_msgs/local/lib/python3.10/dist-packages/smartcar_msgs/smartcar_msgs_s__rosidl_typesupport_introspection_c.cpython-310-x86_64-linux-gnu.so
[7.229s] -- Installing: /home/ros2/ros2_ws2/install/smartcar_msgs/local/lib/python3.10/dist-packages/smartcar_msgs/_smartcar_msgs_s.ep.rosidl_typesupport_c.c
[7.230s] -- Installing: /home/ros2/ros2_ws2/install/smartcar_msgs/local/lib/python3.10/dist-packages/smartcar_msgs/_smartcar_msgs_s.ep.rosidl_typesupport_fastrtps_c.c
[7.230s] -- Installing: /home/ros2/ros2_ws2/install/smartcar_msgs/local/lib/python3.10/dist-packages/smartcar_msgs/smartcar_msgs_s__rosidl_typesupport_fastrtps_c.cpython-310-x86_64-linux-gnu.so
[7.230s] -- Installing: /home/ros2/ros2_ws2/install/smartcar_msgs/local/lib/python3.10/dist-packages/smartcar_msgs/smartcar_msgs_s__rosidl_typesupport_c.cpython-310-x86_64-linux-gnu.so
[7.230s] -- Installing: /home/ros2/ros2_ws2/install/smartcar_msgs/local/lib/python3.10/dist-packages/smartcar_msgs/_smartcar_msgs_s.ep.rosidl_typesupport_introspection_c.c
[7.230s] -- Installing: /home/ros2/ros2_ws2/install/smartcar_msgs/local/lib/python3.10/dist-packages/smartcar_msgs/msg
[7.230s] -- Installing: /home/ros2/ros2_ws2/install/smartcar_msgs/local/lib/python3.10/dist-packages/smartcar_msgs/msg/__init__.py
[7.230s] -- Installing: /home/ros2/ros2_ws2/install/smartcar_msgs/local/lib/python3.10/dist-packages/smartcar_msgs/msg/_status_s.c
[7.230s] -- Installing: /home/ros2/ros2_ws2/install/smartcar_msgs/local/lib/python3.10/dist-packages/smartcar_msgs/msg/_status.py
[7.277s] Listing '/home/ros2/ros2_ws2/install/smartcar_msgs/local/lib/python3.10/dist-packages/smartcar_msgs'...
[7.277s] Compiling '/home/ros2/ros2_ws2/install/smartcar_msgs/local/lib/python3.10/dist-packages/smartcar_msgs/__init__.py'...
[7.277s] Listing '/home/ros2/ros2_ws2/install/smartcar_msgs/local/lib/python3.10/dist-packages/smartcar_msgs/msg'...
[7.277s] Compiling '/home/ros2/ros2_ws2/install/smartcar_msgs/local/lib/python3.10/dist-packages/smartcar_msgs/msg/__init__.py'...
[7.277s] Compiling '/home/ros2/ros2_ws2/install/smartcar_msgs/local/lib/python3.10/dist-packages/smartcar_msgs/msg/_status.py'...
[7.286s] -- Installing: /home/ros2/ros2_ws2/install/smartcar_msgs/local/lib/python3.10/dist-packages/smartcar_msgs/smartcar_msgs_s__rosidl_typesupport_fastrtps_c.cpython-310-x86_64-linux-gnu.so
[7.286s] -- Set runtime path of "/home/ros2/ros2_ws2/install/smartcar_msgs/local/lib/python3.10/dist-packages/smartcar_msgs/smartcar_msgs_s__rosidl_typesupport_fastrtps_c.cpython-310-x86_64-linux-gnu.so" to ""
[7.286s] -- Installing: /home/ros2/ros2_ws2/install/smartcar_msgs/local/lib/python3.10/dist-packages/smartcar_msgs/smartcar_msgs_s__rosidl_typesupport_introspection_c.cpython-310-x86_64-linux-gnu.so
[7.287s] -- Set runtime path of "/home/ros2/ros2_ws2/install/smartcar_msgs/local/lib/python3.10/dist-packages/smartcar_msgs/smartcar_msgs_s__rosidl_typesupport_introspection_c.cpython-310-x86_64-linux-gnu.so" to ""
[7.287s] -- Installing: /home/ros2/ros2_ws2/install/smartcar_msgs/local/lib/python3.10/dist-packages/smartcar_msgs/smartcar_msgs_s__rosidl_typesupport_c.cpython-310-x86_64-linux-gnu.so
[7.287s] -- Set runtime path of "/home/ros2/ros2_ws2/install/smartcar_msgs/local/lib/python3.10/dist-packages/smartcar_msgs/smartcar_msgs_s__rosidl_typesupport_c.cpython-310-x86_64-linux-gnu.so" to ""
[7.288s] -- Installing: /home/ros2/ros2_ws2/install/smartcar_msgs/lib/libsmartcar_msgs__rosidl_generator_py.so
[7.288s] -- Set runtime path of "/home/ros2/ros2_ws2/install/smartcar_msgs/lib/libsmartcar_msgs__rosidl_generator_py.so" to ""
[7.288s] -- Installing: /home/ros2/ros2_ws2/install/smartcar_msgs/share/smartcar_msgs/msg/Status.idl
[7.288s] -- Installing: /home/ros2/ros2_ws2/install/smartcar_msgs/share/smartcar_msgs/msg/Status.msg
[7.289s] -- Up-to-date: /home/ros2/ros2_ws2/install/smartcar_msgs/share/smartcar_msgs/msg
[7.289s] -- Up-to-date: /home/ros2/ros2_ws2/install/smartcar_msgs/share/smartcar_msgs/msg/Status.msg
[7.289s] -- Installing: /home/ros2/ros2_ws2/install/smartcar_msgs/share/ament_index/resource_index/package_run_dependencies/smartcar_msgs
[7.289s] -- Installing: /home/ros2/ros2_ws2/install/smartcar_msgs/share/ament_index/resource_index/parent_prefix_path/smartcar_msgs
[7.292s] -- Installing: /home/ros2/ros2_ws2/install/smartcar_msgs/share/smartcar_msgs/environment/ament_prefix_path.sh
[7.293s] -- Installing: /home/ros2/ros2_ws2/install/smartcar_msgs/share/smartcar_msgs/environment/ament_prefix_path.dsv
[7.293s] -- Installing: /home/ros2/ros2_ws2/install/smartcar_msgs/share/smartcar_msgs/environment/path.sh
[7.293s] -- Installing: /home/ros2/ros2_ws2/install/smartcar_msgs/share/smartcar_msgs/environment/path.dsv
[7.293s] -- Installing: /home/ros2/ros2_ws2/install/smartcar_msgs/share/smartcar_msgs/local_setup.bash
[7.293s] -- Installing: /home/ros2/ros2_ws2/install/smartcar_msgs/share/smartcar_msgs/local_setup.sh
[7.293s] -- Installing: /home/ros2/ros2_ws2/install/smartcar_msgs/share/smartcar_msgs/local_setup.zsh
[7.293s] -- Installing: /home/ros2/ros2_ws2/install/smartcar_msgs/share/smartcar_msgs/local_setup.dsv
[7.293s] -- Installing: /home/ros2/ros2_ws2/install/smartcar_msgs/share/smartcar_msgs/package.dsv
[7.293s] -- Installing: /home/ros2/ros2_ws2/install/smartcar_msgs/share/ament_index/resource_index/packages/smartcar_msgs
[7.293s] -- Installing: /home/ros2/ros2_ws2/install/smartcar_msgs/share/smartcar_msgs/cmake/export_smartcar_msgs__rosidl_generator_cExport.cmake
[7.293s] -- Installing: /home/ros2/ros2_ws2/install/smartcar_msgs/share/smartcar_msgs/cmake/export_smartcar_msgs__rosidl_generator_cExport-noconfig.cmake
[7.293s] -- Installing: /home/ros2/ros2_ws2/install/smartcar_msgs/share/smartcar_msgs/cmake/export_smartcar_msgs__rosidl_typesupport_fastrtps_cExport.cmake
[7.294s] -- Installing: /home/ros2/ros2_ws2/install/smartcar_msgs/share/smartcar_msgs/cmake/export_smartcar_msgs__rosidl_typesupport_fastrtps_cExport-noconfig.cmake
[7.294s] -- Installing: /home/ros2/ros2_ws2/install/smartcar_msgs/share/smartcar_msgs/cmake/export_smartcar_msgs__rosidl_generator_cppExport.cmake
[7.294s] -- Installing: /home/ros2/ros2_ws2/install/smartcar_msgs/share/smartcar_msgs/cmake/export_smartcar_msgs__rosidl_typesupport_fastrtps_cppExport.cmake
[7.294s] -- Installing: /home/ros2/ros2_ws2/install/smartcar_msgs/share/smartcar_msgs/cmake/export_smartcar_msgs__rosidl_typesupport_fastrtps_cppExport-noconfig.cmake
[7.294s] -- Installing: /home/ros2/ros2_ws2/install/smartcar_msgs/share/smartcar_msgs/cmake/smartcar_msgs__rosidl_typesupport_introspection_cExport.cmake
[7.294s] -- Installing: /home/ros2/ros2_ws2/install/smartcar_msgs/share/smartcar_msgs/cmake/smartcar_msgs__rosidl_typesupport_introspection_cExport-noconfig.cmake
[7.294s] -- Installing: /home/ros2/ros2_ws2/install/smartcar_msgs/share/smartcar_msgs/cmake/smartcar_msgs__rosidl_typesupport_cExport.cmake
[7.294s] -- Installing: /home/ros2/ros2_ws2/install/smartcar_msgs/share/smartcar_msgs/cmake/smartcar_msgs__rosidl_typesupport_cExport-noconfig.cmake
[7.294s] -- Installing: /home/ros2/ros2_ws2/install/smartcar_msgs/share/smartcar_msgs/cmake/smartcar_msgs__rosidl_typesupport_introspection_cppExport.cmake
[7.295s] -- Installing: /home/ros2/ros2_ws2/install/smartcar_msgs/share/smartcar_msgs/cmake/smartcar_msgs__rosidl_typesupport_introspection_cppExport-noconfig.cmake
[7.295s] -- Installing: /home/ros2/ros2_ws2/install/smartcar_msgs/share/smartcar_msgs/cmake/smartcar_msgs__rosidl_typesupport_cppExport.cmake
[7.295s] -- Installing: /home/ros2/ros2_ws2/install/smartcar_msgs/share/smartcar_msgs/cmake/smartcar_msgs__rosidl_typesupport_cppExport-noconfig.cmake
[7.295s] -- Installing: /home/ros2/ros2_ws2/install/smartcar_msgs/share/smartcar_msgs/cmake/export_smartcar_msgs__rosidl_generator_pyExport.cmake
[7.295s] -- Installing: /home/ros2/ros2_ws2/install/smartcar_msgs/share/smartcar_msgs/cmake/export_smartcar_msgs__rosidl_generator_pyExport-noconfig.cmake
[7.295s] -- Installing: /home/ros2/ros2_ws2/install/smartcar_msgs/share/smartcar_msgs/cmake/rosidl_cmake-extras.cmake
[7.295s] -- Installing: /home/ros2/ros2_ws2/install/smartcar_msgs/share/smartcar_msgs/cmake/ament_cmake_export_dependencies-extras.cmake
[7.295s] -- Installing: /home/ros2/ros2_ws2/install/smartcar_msgs/share/smartcar_msgs/cmake/ament_cmake_export_include_directories-extras.cmake
[7.295s] -- Installing: /home/ros2/ros2_ws2/install/smartcar_msgs/share/smartcar_msgs/cmake/ament_cmake_export_libraries-extras.cmake
[7.296s] -- Installing: /home/ros2/ros2_ws2/install/smartcar_msgs/share/smartcar_msgs/cmake/ament_cmake_export_targets-extras.cmake
[7.296s] -- Installing: /home/ros2/ros2_ws2/install/smartcar_msgs/share/smartcar_msgs/cmake/rosidl_cmake_export_typesupport_targets-extras.cmake
[7.296s] -- Installing: /home/ros2/ros2_ws2/install/smartcar_msgs/share/smartcar_msgs/cmake/rosidl_cmake_export_typesupport_libraries-extras.cmake
[7.296s] -- Installing: /home/ros2/ros2_ws2/install/smartcar_msgs/share/smartcar_msgs/cmake/smartcar_msgsConfig.cmake
[7.296s] -- Installing: /home/ros2/ros2_ws2/install/smartcar_msgs/share/smartcar_msgs/cmake/smartcar_msgsConfig-version.cmake
[7.296s] -- Installing: /home/ros2/ros2_ws2/install/smartcar_msgs/share/smartcar_msgs/package.xml
[7.299s] Invoked command in '/home/ros2/ros2_ws2/build/smartcar_msgs' returned '0': CMAKE_PREFIX_PATH=${CMAKE_PREFIX_PATH}:/opt/ros/humble /usr/bin/cmake --install /home/ros2/ros2_ws2/build/smartcar_msgs
