[0.041s] Invoking command in '/home/ros2/ros2_ws2/build/smart_car': CMAKE_PREFIX_PATH=/home/ros2/ros2_ws2/install/smartcar_msgs:/home/ros2/ros2_ws2/install/smart_car:/home/ros2/ros2_ws2/install/car_gazebo_plugin:/home/ros2/ros2_ws2/install/ackermann_msgs:/opt/ros/humble LD_LIBRARY_PATH=/home/ros2/ros2_ws2/install/smartcar_msgs/lib:/home/ros2/ros2_ws2/install/car_gazebo_plugin/lib:/home/ros2/ros2_ws2/install/ackermann_msgs/lib:/usr/lib/x86_64-linux-gnu/gazebo-11/plugins:/opt/ros/humble/opt/rviz_ogre_vendor/lib:/opt/ros/humble/lib/x86_64-linux-gnu:/opt/ros/humble/lib:/usr/lib/x86_64-linux-gnu/gazebo-11/plugins:/usr/lib/x86_64-linux-gnu/gazebo-11/plugins:/usr/lib/x86_64-linux-gnu/gazebo-11/plugins /usr/bin/cmake --build /home/ros2/ros2_ws2/build/smart_car -- -j8 -l8
[0.118s] Built target ament_cmake_python_copy_smart_car
[0.407s] running egg_info
[0.431s] writing smart_car.egg-info/PKG-INFO
[0.432s] writing dependency_links to smart_car.egg-info/dependency_links.txt
[0.432s] writing top-level names to smart_car.egg-info/top_level.txt
[0.499s] reading manifest file 'smart_car.egg-info/SOURCES.txt'
[0.500s] writing manifest file 'smart_car.egg-info/SOURCES.txt'
[0.548s] Built target ament_cmake_python_build_smart_car_egg
[0.560s] Invoked command in '/home/ros2/ros2_ws2/build/smart_car' returned '0': CMAKE_PREFIX_PATH=/home/ros2/ros2_ws2/install/smartcar_msgs:/home/ros2/ros2_ws2/install/smart_car:/home/ros2/ros2_ws2/install/car_gazebo_plugin:/home/ros2/ros2_ws2/install/ackermann_msgs:/opt/ros/humble LD_LIBRARY_PATH=/home/ros2/ros2_ws2/install/smartcar_msgs/lib:/home/ros2/ros2_ws2/install/car_gazebo_plugin/lib:/home/ros2/ros2_ws2/install/ackermann_msgs/lib:/usr/lib/x86_64-linux-gnu/gazebo-11/plugins:/opt/ros/humble/opt/rviz_ogre_vendor/lib:/opt/ros/humble/lib/x86_64-linux-gnu:/opt/ros/humble/lib:/usr/lib/x86_64-linux-gnu/gazebo-11/plugins:/usr/lib/x86_64-linux-gnu/gazebo-11/plugins:/usr/lib/x86_64-linux-gnu/gazebo-11/plugins /usr/bin/cmake --build /home/ros2/ros2_ws2/build/smart_car -- -j8 -l8
[0.563s] Invoking command in '/home/ros2/ros2_ws2/build/smart_car': CMAKE_PREFIX_PATH=/home/ros2/ros2_ws2/install/smartcar_msgs:/home/ros2/ros2_ws2/install/smart_car:/home/ros2/ros2_ws2/install/car_gazebo_plugin:/home/ros2/ros2_ws2/install/ackermann_msgs:/opt/ros/humble LD_LIBRARY_PATH=/home/ros2/ros2_ws2/install/smartcar_msgs/lib:/home/ros2/ros2_ws2/install/car_gazebo_plugin/lib:/home/ros2/ros2_ws2/install/ackermann_msgs/lib:/usr/lib/x86_64-linux-gnu/gazebo-11/plugins:/opt/ros/humble/opt/rviz_ogre_vendor/lib:/opt/ros/humble/lib/x86_64-linux-gnu:/opt/ros/humble/lib:/usr/lib/x86_64-linux-gnu/gazebo-11/plugins:/usr/lib/x86_64-linux-gnu/gazebo-11/plugins:/usr/lib/x86_64-linux-gnu/gazebo-11/plugins /usr/bin/cmake --install /home/ros2/ros2_ws2/build/smart_car
[0.570s] -- Install configuration: ""
[0.570s] -- Up-to-date: /home/ros2/ros2_ws2/install/smart_car/share/smart_car/urdf
[0.570s] -- Up-to-date: /home/ros2/ros2_ws2/install/smart_car/share/smart_car/urdf/smartcar.urdf
[0.570s] -- Up-to-date: /home/ros2/ros2_ws2/install/smart_car/share/smart_car/launch
[0.570s] -- Up-to-date: /home/ros2/ros2_ws2/install/smart_car/share/smart_car/launch/format.py
[0.571s] -- Up-to-date: /home/ros2/ros2_ws2/install/smart_car/share/smart_car/launch/gazebo.launch.py
[0.571s] -- Up-to-date: /home/ros2/ros2_ws2/install/smart_car/share/smart_car/launch/__pycache__
[0.571s] -- Up-to-date: /home/ros2/ros2_ws2/install/smart_car/share/smart_car/launch/localization.launch.py
[0.571s] -- Up-to-date: /home/ros2/ros2_ws2/install/smart_car/share/smart_car/launch/smartcar.launch.py
[0.571s] -- Installing: /home/ros2/ros2_ws2/install/smart_car/share/smart_car/launch/nav2.launch.py
[0.572s] -- Up-to-date: /home/ros2/ros2_ws2/install/smart_car/share/smart_car/world
[0.572s] -- Up-to-date: /home/ros2/ros2_ws2/install/smart_car/share/smart_car/world/smalltown.world
[0.572s] -- Up-to-date: /home/ros2/ros2_ws2/install/smart_car/share/smart_car/config
[0.572s] -- Up-to-date: /home/ros2/ros2_ws2/install/smart_car/share/smart_car/config/ekf.yaml
[0.572s] -- Up-to-date: /home/ros2/ros2_ws2/install/smart_car/share/smart_car/config/nav2_params.yaml
[0.572s] -- Up-to-date: /home/ros2/ros2_ws2/install/smart_car/share/smart_car/config/smalltown_world.yaml
[0.572s] -- Up-to-date: /home/ros2/ros2_ws2/install/smart_car/share/smart_car/config/smalltown_world.pgm
[0.572s] -- Up-to-date: /home/ros2/ros2_ws2/install/smart_car/share/smart_car/config/bt_nav2.xml
[0.572s] -- Up-to-date: /home/ros2/ros2_ws2/install/smart_car/share/smart_car/config/controllers.yaml
[0.572s] -- Up-to-date: /home/ros2/ros2_ws2/install/smart_car/share/smart_car/config/ackermann_controller.yaml
[0.572s] -- Up-to-date: /home/ros2/ros2_ws2/install/smart_car/share/smart_car/scripts
[0.572s] -- Up-to-date: /home/ros2/ros2_ws2/install/smart_car/share/smart_car/scripts/odom.py
[0.572s] -- Up-to-date: /home/ros2/ros2_ws2/install/smart_car/share/smart_car/scripts/keyboard_control.py
[0.573s] -- Up-to-date: /home/ros2/ros2_ws2/install/smart_car/share/smart_car/scripts/joint_state_pub.py
[0.573s] -- Up-to-date: /home/ros2/ros2_ws2/install/smart_car/share/smart_car/scripts/vehicle_status.py
[0.573s] -- Up-to-date: /home/ros2/ros2_ws2/install/smart_car/share/smart_car/environment/pythonpath.sh
[0.573s] -- Up-to-date: /home/ros2/ros2_ws2/install/smart_car/share/smart_car/environment/pythonpath.dsv
[0.573s] -- Up-to-date: /home/ros2/ros2_ws2/install/smart_car/local/lib/python3.10/dist-packages/smart_car-0.0.0-py3.10.egg-info
[0.573s] -- Installing: /home/ros2/ros2_ws2/install/smart_car/local/lib/python3.10/dist-packages/smart_car-0.0.0-py3.10.egg-info/SOURCES.txt
[0.573s] -- Installing: /home/ros2/ros2_ws2/install/smart_car/local/lib/python3.10/dist-packages/smart_car-0.0.0-py3.10.egg-info/PKG-INFO
[0.573s] -- Installing: /home/ros2/ros2_ws2/install/smart_car/local/lib/python3.10/dist-packages/smart_car-0.0.0-py3.10.egg-info/top_level.txt
[0.573s] -- Installing: /home/ros2/ros2_ws2/install/smart_car/local/lib/python3.10/dist-packages/smart_car-0.0.0-py3.10.egg-info/dependency_links.txt
[0.573s] -- Up-to-date: /home/ros2/ros2_ws2/install/smart_car/local/lib/python3.10/dist-packages/smart_car
[0.573s] -- Up-to-date: /home/ros2/ros2_ws2/install/smart_car/local/lib/python3.10/dist-packages/smart_car/__init__.py
[0.613s] Listing '/home/ros2/ros2_ws2/install/smart_car/local/lib/python3.10/dist-packages/smart_car'...
[0.620s] -- Up-to-date: /home/ros2/ros2_ws2/install/smart_car/lib/smart_car/odom.py
[0.620s] -- Up-to-date: /home/ros2/ros2_ws2/install/smart_car/lib/smart_car/keyboard_control.py
[0.620s] -- Up-to-date: /home/ros2/ros2_ws2/install/smart_car/lib/smart_car/joint_state_pub.py
[0.620s] -- Up-to-date: /home/ros2/ros2_ws2/install/smart_car/lib/smart_car/vehicle_status.py
[0.620s] -- Up-to-date: /home/ros2/ros2_ws2/install/smart_car/share/ament_index/resource_index/package_run_dependencies/smart_car
[0.620s] -- Up-to-date: /home/ros2/ros2_ws2/install/smart_car/share/ament_index/resource_index/parent_prefix_path/smart_car
[0.621s] -- Up-to-date: /home/ros2/ros2_ws2/install/smart_car/share/smart_car/environment/ament_prefix_path.sh
[0.621s] -- Up-to-date: /home/ros2/ros2_ws2/install/smart_car/share/smart_car/environment/ament_prefix_path.dsv
[0.621s] -- Up-to-date: /home/ros2/ros2_ws2/install/smart_car/share/smart_car/environment/path.sh
[0.621s] -- Up-to-date: /home/ros2/ros2_ws2/install/smart_car/share/smart_car/environment/path.dsv
[0.621s] -- Up-to-date: /home/ros2/ros2_ws2/install/smart_car/share/smart_car/local_setup.bash
[0.621s] -- Up-to-date: /home/ros2/ros2_ws2/install/smart_car/share/smart_car/local_setup.sh
[0.621s] -- Up-to-date: /home/ros2/ros2_ws2/install/smart_car/share/smart_car/local_setup.zsh
[0.621s] -- Up-to-date: /home/ros2/ros2_ws2/install/smart_car/share/smart_car/local_setup.dsv
[0.621s] -- Installing: /home/ros2/ros2_ws2/install/smart_car/share/smart_car/package.dsv
[0.621s] -- Up-to-date: /home/ros2/ros2_ws2/install/smart_car/share/ament_index/resource_index/packages/smart_car
[0.621s] -- Up-to-date: /home/ros2/ros2_ws2/install/smart_car/share/smart_car/cmake/smart_carConfig.cmake
[0.621s] -- Up-to-date: /home/ros2/ros2_ws2/install/smart_car/share/smart_car/cmake/smart_carConfig-version.cmake
[0.622s] -- Up-to-date: /home/ros2/ros2_ws2/install/smart_car/share/smart_car/package.xml
[0.625s] Invoked command in '/home/ros2/ros2_ws2/build/smart_car' returned '0': CMAKE_PREFIX_PATH=/home/ros2/ros2_ws2/install/smartcar_msgs:/home/ros2/ros2_ws2/install/smart_car:/home/ros2/ros2_ws2/install/car_gazebo_plugin:/home/ros2/ros2_ws2/install/ackermann_msgs:/opt/ros/humble LD_LIBRARY_PATH=/home/ros2/ros2_ws2/install/smartcar_msgs/lib:/home/ros2/ros2_ws2/install/car_gazebo_plugin/lib:/home/ros2/ros2_ws2/install/ackermann_msgs/lib:/usr/lib/x86_64-linux-gnu/gazebo-11/plugins:/opt/ros/humble/opt/rviz_ogre_vendor/lib:/opt/ros/humble/lib/x86_64-linux-gnu:/opt/ros/humble/lib:/usr/lib/x86_64-linux-gnu/gazebo-11/plugins:/usr/lib/x86_64-linux-gnu/gazebo-11/plugins:/usr/lib/x86_64-linux-gnu/gazebo-11/plugins /usr/bin/cmake --install /home/ros2/ros2_ws2/build/smart_car
