[0.021s] Invoking command in '/home/ros2/ros2_ws2/build/smartcar_msgs': CMAKE_PREFIX_PATH=${CMAKE_PREFIX_PATH}:/opt/ros/humble /usr/bin/cmake --build /home/ros2/ros2_ws2/build/smartcar_msgs -- -j8 -l8
[0.090s] [ 12%] Built target smartcar_msgs__cpp
[0.090s] [ 12%] Built target smartcar_msgs__rosidl_generator_c
[0.108s] [ 12%] Built target ament_cmake_python_copy_smartcar_msgs
[0.141s] [ 25%] Built target smartcar_msgs__rosidl_typesupport_introspection_cpp
[0.141s] [ 35%] Built target smartcar_msgs__rosidl_typesupport_introspection_c
[0.142s] [ 41%] Built target smartcar_msgs__rosidl_typesupport_fastrtps_c
[0.142s] [ 51%] Built target smartcar_msgs__rosidl_typesupport_cpp
[0.144s] [ 61%] Built target smartcar_msgs__rosidl_typesupport_fastrtps_cpp
[0.160s] [ 70%] Built target smartcar_msgs__rosidl_typesupport_c
[0.189s] [ 70%] Built target smartcar_msgs
[0.214s] [ 74%] Built target smartcar_msgs__py
[0.244s] [ 80%] Built target smartcar_msgs__rosidl_generator_py
[0.275s] [ 90%] Built target smartcar_msgs__rosidl_typesupport_fastrtps_c__pyext
[0.275s] [ 96%] Built target smartcar_msgs__rosidl_typesupport_c__pyext
[0.275s] [100%] Built target smartcar_msgs__rosidl_typesupport_introspection_c__pyext
[0.419s] running egg_info
[0.443s] writing smartcar_msgs.egg-info/PKG-INFO
[0.444s] writing dependency_links to smartcar_msgs.egg-info/dependency_links.txt
[0.445s] writing top-level names to smartcar_msgs.egg-info/top_level.txt
[0.514s] reading manifest file 'smartcar_msgs.egg-info/SOURCES.txt'
[0.515s] writing manifest file 'smartcar_msgs.egg-info/SOURCES.txt'
[0.581s] [100%] Built target ament_cmake_python_build_smartcar_msgs_egg
[0.595s] Invoked command in '/home/ros2/ros2_ws2/build/smartcar_msgs' returned '0': CMAKE_PREFIX_PATH=${CMAKE_PREFIX_PATH}:/opt/ros/humble /usr/bin/cmake --build /home/ros2/ros2_ws2/build/smartcar_msgs -- -j8 -l8
[0.608s] Invoking command in '/home/ros2/ros2_ws2/build/smartcar_msgs': CMAKE_PREFIX_PATH=${CMAKE_PREFIX_PATH}:/opt/ros/humble /usr/bin/cmake --install /home/ros2/ros2_ws2/build/smartcar_msgs
[0.618s] -- Install configuration: ""
[0.618s] -- Up-to-date: /home/ros2/ros2_ws2/install/smartcar_msgs/share/ament_index/resource_index/rosidl_interfaces/smartcar_msgs
[0.618s] -- Up-to-date: /home/ros2/ros2_ws2/install/smartcar_msgs/include/smartcar_msgs/smartcar_msgs
[0.619s] -- Up-to-date: /home/ros2/ros2_ws2/install/smartcar_msgs/include/smartcar_msgs/smartcar_msgs/msg
[0.619s] -- Up-to-date: /home/ros2/ros2_ws2/install/smartcar_msgs/include/smartcar_msgs/smartcar_msgs/msg/status.h
[0.619s] -- Up-to-date: /home/ros2/ros2_ws2/install/smartcar_msgs/include/smartcar_msgs/smartcar_msgs/msg/rosidl_generator_c__visibility_control.h
[0.619s] -- Up-to-date: /home/ros2/ros2_ws2/install/smartcar_msgs/include/smartcar_msgs/smartcar_msgs/msg/detail
[0.619s] -- Up-to-date: /home/ros2/ros2_ws2/install/smartcar_msgs/include/smartcar_msgs/smartcar_msgs/msg/detail/status__type_support.h
[0.619s] -- Up-to-date: /home/ros2/ros2_ws2/install/smartcar_msgs/include/smartcar_msgs/smartcar_msgs/msg/detail/status__functions.h
[0.619s] -- Up-to-date: /home/ros2/ros2_ws2/install/smartcar_msgs/include/smartcar_msgs/smartcar_msgs/msg/detail/status__struct.h
[0.619s] -- Up-to-date: /home/ros2/ros2_ws2/install/smartcar_msgs/include/smartcar_msgs/smartcar_msgs/msg/detail/status__functions.c
[0.619s] -- Up-to-date: /home/ros2/ros2_ws2/install/smartcar_msgs/share/smartcar_msgs/environment/library_path.sh
[0.620s] -- Up-to-date: /home/ros2/ros2_ws2/install/smartcar_msgs/share/smartcar_msgs/environment/library_path.dsv
[0.620s] -- Up-to-date: /home/ros2/ros2_ws2/install/smartcar_msgs/lib/libsmartcar_msgs__rosidl_generator_c.so
[0.620s] -- Up-to-date: /home/ros2/ros2_ws2/install/smartcar_msgs/include/smartcar_msgs/smartcar_msgs
[0.620s] -- Up-to-date: /home/ros2/ros2_ws2/install/smartcar_msgs/include/smartcar_msgs/smartcar_msgs/msg
[0.620s] -- Up-to-date: /home/ros2/ros2_ws2/install/smartcar_msgs/include/smartcar_msgs/smartcar_msgs/msg/rosidl_typesupport_fastrtps_c__visibility_control.h
[0.620s] -- Up-to-date: /home/ros2/ros2_ws2/install/smartcar_msgs/include/smartcar_msgs/smartcar_msgs/msg/detail
[0.620s] -- Up-to-date: /home/ros2/ros2_ws2/install/smartcar_msgs/include/smartcar_msgs/smartcar_msgs/msg/detail/status__rosidl_typesupport_fastrtps_c.h
[0.620s] -- Up-to-date: /home/ros2/ros2_ws2/install/smartcar_msgs/lib/libsmartcar_msgs__rosidl_typesupport_fastrtps_c.so
[0.620s] -- Up-to-date: /home/ros2/ros2_ws2/install/smartcar_msgs/include/smartcar_msgs/smartcar_msgs
[0.620s] -- Up-to-date: /home/ros2/ros2_ws2/install/smartcar_msgs/include/smartcar_msgs/smartcar_msgs/msg
[0.620s] -- Up-to-date: /home/ros2/ros2_ws2/install/smartcar_msgs/include/smartcar_msgs/smartcar_msgs/msg/detail
[0.621s] -- Up-to-date: /home/ros2/ros2_ws2/install/smartcar_msgs/include/smartcar_msgs/smartcar_msgs/msg/detail/status__traits.hpp
[0.621s] -- Up-to-date: /home/ros2/ros2_ws2/install/smartcar_msgs/include/smartcar_msgs/smartcar_msgs/msg/detail/status__struct.hpp
[0.621s] -- Up-to-date: /home/ros2/ros2_ws2/install/smartcar_msgs/include/smartcar_msgs/smartcar_msgs/msg/detail/status__builder.hpp
[0.621s] -- Up-to-date: /home/ros2/ros2_ws2/install/smartcar_msgs/include/smartcar_msgs/smartcar_msgs/msg/status.hpp
[0.621s] -- Up-to-date: /home/ros2/ros2_ws2/install/smartcar_msgs/include/smartcar_msgs/smartcar_msgs
[0.621s] -- Up-to-date: /home/ros2/ros2_ws2/install/smartcar_msgs/include/smartcar_msgs/smartcar_msgs/msg
[0.621s] -- Up-to-date: /home/ros2/ros2_ws2/install/smartcar_msgs/include/smartcar_msgs/smartcar_msgs/msg/rosidl_typesupport_fastrtps_cpp__visibility_control.h
[0.621s] -- Up-to-date: /home/ros2/ros2_ws2/install/smartcar_msgs/include/smartcar_msgs/smartcar_msgs/msg/detail
[0.621s] -- Up-to-date: /home/ros2/ros2_ws2/install/smartcar_msgs/include/smartcar_msgs/smartcar_msgs/msg/detail/status__rosidl_typesupport_fastrtps_cpp.hpp
[0.621s] -- Up-to-date: /home/ros2/ros2_ws2/install/smartcar_msgs/include/smartcar_msgs/smartcar_msgs/msg/detail/dds_fastrtps
[0.622s] -- Up-to-date: /home/ros2/ros2_ws2/install/smartcar_msgs/lib/libsmartcar_msgs__rosidl_typesupport_fastrtps_cpp.so
[0.623s] -- Up-to-date: /home/ros2/ros2_ws2/install/smartcar_msgs/include/smartcar_msgs/smartcar_msgs
[0.623s] -- Up-to-date: /home/ros2/ros2_ws2/install/smartcar_msgs/include/smartcar_msgs/smartcar_msgs/msg
[0.623s] -- Up-to-date: /home/ros2/ros2_ws2/install/smartcar_msgs/include/smartcar_msgs/smartcar_msgs/msg/detail
[0.624s] -- Up-to-date: /home/ros2/ros2_ws2/install/smartcar_msgs/include/smartcar_msgs/smartcar_msgs/msg/detail/status__type_support.c
[0.624s] -- Up-to-date: /home/ros2/ros2_ws2/install/smartcar_msgs/include/smartcar_msgs/smartcar_msgs/msg/detail/status__rosidl_typesupport_introspection_c.h
[0.624s] -- Up-to-date: /home/ros2/ros2_ws2/install/smartcar_msgs/include/smartcar_msgs/smartcar_msgs/msg/rosidl_typesupport_introspection_c__visibility_control.h
[0.624s] -- Up-to-date: /home/ros2/ros2_ws2/install/smartcar_msgs/lib/libsmartcar_msgs__rosidl_typesupport_introspection_c.so
[0.624s] -- Up-to-date: /home/ros2/ros2_ws2/install/smartcar_msgs/lib/libsmartcar_msgs__rosidl_typesupport_c.so
[0.624s] -- Up-to-date: /home/ros2/ros2_ws2/install/smartcar_msgs/include/smartcar_msgs/smartcar_msgs
[0.624s] -- Up-to-date: /home/ros2/ros2_ws2/install/smartcar_msgs/include/smartcar_msgs/smartcar_msgs/msg
[0.624s] -- Up-to-date: /home/ros2/ros2_ws2/install/smartcar_msgs/include/smartcar_msgs/smartcar_msgs/msg/detail
[0.625s] -- Up-to-date: /home/ros2/ros2_ws2/install/smartcar_msgs/include/smartcar_msgs/smartcar_msgs/msg/detail/status__type_support.cpp
[0.625s] -- Up-to-date: /home/ros2/ros2_ws2/install/smartcar_msgs/include/smartcar_msgs/smartcar_msgs/msg/detail/status__rosidl_typesupport_introspection_cpp.hpp
[0.625s] -- Up-to-date: /home/ros2/ros2_ws2/install/smartcar_msgs/lib/libsmartcar_msgs__rosidl_typesupport_introspection_cpp.so
[0.625s] -- Up-to-date: /home/ros2/ros2_ws2/install/smartcar_msgs/lib/libsmartcar_msgs__rosidl_typesupport_cpp.so
[0.625s] -- Up-to-date: /home/ros2/ros2_ws2/install/smartcar_msgs/share/smartcar_msgs/environment/pythonpath.sh
[0.625s] -- Up-to-date: /home/ros2/ros2_ws2/install/smartcar_msgs/share/smartcar_msgs/environment/pythonpath.dsv
[0.625s] -- Up-to-date: /home/ros2/ros2_ws2/install/smartcar_msgs/local/lib/python3.10/dist-packages/smartcar_msgs-0.0.0-py3.10.egg-info
[0.625s] -- Installing: /home/ros2/ros2_ws2/install/smartcar_msgs/local/lib/python3.10/dist-packages/smartcar_msgs-0.0.0-py3.10.egg-info/SOURCES.txt
[0.625s] -- Installing: /home/ros2/ros2_ws2/install/smartcar_msgs/local/lib/python3.10/dist-packages/smartcar_msgs-0.0.0-py3.10.egg-info/PKG-INFO
[0.625s] -- Installing: /home/ros2/ros2_ws2/install/smartcar_msgs/local/lib/python3.10/dist-packages/smartcar_msgs-0.0.0-py3.10.egg-info/top_level.txt
[0.625s] -- Installing: /home/ros2/ros2_ws2/install/smartcar_msgs/local/lib/python3.10/dist-packages/smartcar_msgs-0.0.0-py3.10.egg-info/dependency_links.txt
[0.628s] -- Up-to-date: /home/ros2/ros2_ws2/install/smartcar_msgs/local/lib/python3.10/dist-packages/smartcar_msgs
[0.628s] -- Up-to-date: /home/ros2/ros2_ws2/install/smartcar_msgs/local/lib/python3.10/dist-packages/smartcar_msgs/__init__.py
[0.628s] -- Up-to-date: /home/ros2/ros2_ws2/install/smartcar_msgs/local/lib/python3.10/dist-packages/smartcar_msgs/libsmartcar_msgs__rosidl_generator_py.so
[0.628s] -- Up-to-date: /home/ros2/ros2_ws2/install/smartcar_msgs/local/lib/python3.10/dist-packages/smartcar_msgs/smartcar_msgs_s__rosidl_typesupport_introspection_c.cpython-310-x86_64-linux-gnu.so
[0.628s] -- Up-to-date: /home/ros2/ros2_ws2/install/smartcar_msgs/local/lib/python3.10/dist-packages/smartcar_msgs/_smartcar_msgs_s.ep.rosidl_typesupport_c.c
[0.628s] -- Up-to-date: /home/ros2/ros2_ws2/install/smartcar_msgs/local/lib/python3.10/dist-packages/smartcar_msgs/_smartcar_msgs_s.ep.rosidl_typesupport_fastrtps_c.c
[0.628s] -- Up-to-date: /home/ros2/ros2_ws2/install/smartcar_msgs/local/lib/python3.10/dist-packages/smartcar_msgs/smartcar_msgs_s__rosidl_typesupport_fastrtps_c.cpython-310-x86_64-linux-gnu.so
[0.628s] -- Up-to-date: /home/ros2/ros2_ws2/install/smartcar_msgs/local/lib/python3.10/dist-packages/smartcar_msgs/smartcar_msgs_s__rosidl_typesupport_c.cpython-310-x86_64-linux-gnu.so
[0.629s] -- Up-to-date: /home/ros2/ros2_ws2/install/smartcar_msgs/local/lib/python3.10/dist-packages/smartcar_msgs/_smartcar_msgs_s.ep.rosidl_typesupport_introspection_c.c
[0.629s] -- Up-to-date: /home/ros2/ros2_ws2/install/smartcar_msgs/local/lib/python3.10/dist-packages/smartcar_msgs/msg
[0.629s] -- Up-to-date: /home/ros2/ros2_ws2/install/smartcar_msgs/local/lib/python3.10/dist-packages/smartcar_msgs/msg/__init__.py
[0.629s] -- Up-to-date: /home/ros2/ros2_ws2/install/smartcar_msgs/local/lib/python3.10/dist-packages/smartcar_msgs/msg/_status_s.c
[0.629s] -- Up-to-date: /home/ros2/ros2_ws2/install/smartcar_msgs/local/lib/python3.10/dist-packages/smartcar_msgs/msg/_status.py
[0.666s] Listing '/home/ros2/ros2_ws2/install/smartcar_msgs/local/lib/python3.10/dist-packages/smartcar_msgs'...
[0.666s] Listing '/home/ros2/ros2_ws2/install/smartcar_msgs/local/lib/python3.10/dist-packages/smartcar_msgs/msg'...
[0.673s] -- Up-to-date: /home/ros2/ros2_ws2/install/smartcar_msgs/local/lib/python3.10/dist-packages/smartcar_msgs/smartcar_msgs_s__rosidl_typesupport_fastrtps_c.cpython-310-x86_64-linux-gnu.so
[0.673s] -- Up-to-date: /home/ros2/ros2_ws2/install/smartcar_msgs/local/lib/python3.10/dist-packages/smartcar_msgs/smartcar_msgs_s__rosidl_typesupport_introspection_c.cpython-310-x86_64-linux-gnu.so
[0.673s] -- Up-to-date: /home/ros2/ros2_ws2/install/smartcar_msgs/local/lib/python3.10/dist-packages/smartcar_msgs/smartcar_msgs_s__rosidl_typesupport_c.cpython-310-x86_64-linux-gnu.so
[0.673s] -- Up-to-date: /home/ros2/ros2_ws2/install/smartcar_msgs/lib/libsmartcar_msgs__rosidl_generator_py.so
[0.674s] -- Up-to-date: /home/ros2/ros2_ws2/install/smartcar_msgs/share/smartcar_msgs/msg/Status.idl
[0.674s] -- Up-to-date: /home/ros2/ros2_ws2/install/smartcar_msgs/share/smartcar_msgs/msg/Status.msg
[0.674s] -- Up-to-date: /home/ros2/ros2_ws2/install/smartcar_msgs/share/smartcar_msgs/msg
[0.674s] -- Up-to-date: /home/ros2/ros2_ws2/install/smartcar_msgs/share/smartcar_msgs/msg/Status.msg
[0.674s] -- Up-to-date: /home/ros2/ros2_ws2/install/smartcar_msgs/share/ament_index/resource_index/package_run_dependencies/smartcar_msgs
[0.674s] -- Up-to-date: /home/ros2/ros2_ws2/install/smartcar_msgs/share/ament_index/resource_index/parent_prefix_path/smartcar_msgs
[0.675s] -- Up-to-date: /home/ros2/ros2_ws2/install/smartcar_msgs/share/smartcar_msgs/environment/ament_prefix_path.sh
[0.675s] -- Up-to-date: /home/ros2/ros2_ws2/install/smartcar_msgs/share/smartcar_msgs/environment/ament_prefix_path.dsv
[0.675s] -- Up-to-date: /home/ros2/ros2_ws2/install/smartcar_msgs/share/smartcar_msgs/environment/path.sh
[0.675s] -- Up-to-date: /home/ros2/ros2_ws2/install/smartcar_msgs/share/smartcar_msgs/environment/path.dsv
[0.675s] -- Up-to-date: /home/ros2/ros2_ws2/install/smartcar_msgs/share/smartcar_msgs/local_setup.bash
[0.675s] -- Up-to-date: /home/ros2/ros2_ws2/install/smartcar_msgs/share/smartcar_msgs/local_setup.sh
[0.675s] -- Up-to-date: /home/ros2/ros2_ws2/install/smartcar_msgs/share/smartcar_msgs/local_setup.zsh
[0.676s] -- Up-to-date: /home/ros2/ros2_ws2/install/smartcar_msgs/share/smartcar_msgs/local_setup.dsv
[0.676s] -- Installing: /home/ros2/ros2_ws2/install/smartcar_msgs/share/smartcar_msgs/package.dsv
[0.676s] -- Up-to-date: /home/ros2/ros2_ws2/install/smartcar_msgs/share/ament_index/resource_index/packages/smartcar_msgs
[0.676s] -- Up-to-date: /home/ros2/ros2_ws2/install/smartcar_msgs/share/smartcar_msgs/cmake/export_smartcar_msgs__rosidl_generator_cExport.cmake
[0.676s] -- Up-to-date: /home/ros2/ros2_ws2/install/smartcar_msgs/share/smartcar_msgs/cmake/export_smartcar_msgs__rosidl_generator_cExport-noconfig.cmake
[0.676s] -- Up-to-date: /home/ros2/ros2_ws2/install/smartcar_msgs/share/smartcar_msgs/cmake/export_smartcar_msgs__rosidl_typesupport_fastrtps_cExport.cmake
[0.676s] -- Up-to-date: /home/ros2/ros2_ws2/install/smartcar_msgs/share/smartcar_msgs/cmake/export_smartcar_msgs__rosidl_typesupport_fastrtps_cExport-noconfig.cmake
[0.676s] -- Up-to-date: /home/ros2/ros2_ws2/install/smartcar_msgs/share/smartcar_msgs/cmake/export_smartcar_msgs__rosidl_generator_cppExport.cmake
[0.677s] -- Up-to-date: /home/ros2/ros2_ws2/install/smartcar_msgs/share/smartcar_msgs/cmake/export_smartcar_msgs__rosidl_typesupport_fastrtps_cppExport.cmake
[0.677s] -- Up-to-date: /home/ros2/ros2_ws2/install/smartcar_msgs/share/smartcar_msgs/cmake/export_smartcar_msgs__rosidl_typesupport_fastrtps_cppExport-noconfig.cmake
[0.677s] -- Up-to-date: /home/ros2/ros2_ws2/install/smartcar_msgs/share/smartcar_msgs/cmake/smartcar_msgs__rosidl_typesupport_introspection_cExport.cmake
[0.677s] -- Up-to-date: /home/ros2/ros2_ws2/install/smartcar_msgs/share/smartcar_msgs/cmake/smartcar_msgs__rosidl_typesupport_introspection_cExport-noconfig.cmake
[0.677s] -- Up-to-date: /home/ros2/ros2_ws2/install/smartcar_msgs/share/smartcar_msgs/cmake/smartcar_msgs__rosidl_typesupport_cExport.cmake
[0.677s] -- Up-to-date: /home/ros2/ros2_ws2/install/smartcar_msgs/share/smartcar_msgs/cmake/smartcar_msgs__rosidl_typesupport_cExport-noconfig.cmake
[0.677s] -- Up-to-date: /home/ros2/ros2_ws2/install/smartcar_msgs/share/smartcar_msgs/cmake/smartcar_msgs__rosidl_typesupport_introspection_cppExport.cmake
[0.677s] -- Up-to-date: /home/ros2/ros2_ws2/install/smartcar_msgs/share/smartcar_msgs/cmake/smartcar_msgs__rosidl_typesupport_introspection_cppExport-noconfig.cmake
[0.677s] -- Up-to-date: /home/ros2/ros2_ws2/install/smartcar_msgs/share/smartcar_msgs/cmake/smartcar_msgs__rosidl_typesupport_cppExport.cmake
[0.677s] -- Up-to-date: /home/ros2/ros2_ws2/install/smartcar_msgs/share/smartcar_msgs/cmake/smartcar_msgs__rosidl_typesupport_cppExport-noconfig.cmake
[0.677s] -- Up-to-date: /home/ros2/ros2_ws2/install/smartcar_msgs/share/smartcar_msgs/cmake/export_smartcar_msgs__rosidl_generator_pyExport.cmake
[0.678s] -- Up-to-date: /home/ros2/ros2_ws2/install/smartcar_msgs/share/smartcar_msgs/cmake/export_smartcar_msgs__rosidl_generator_pyExport-noconfig.cmake
[0.678s] -- Up-to-date: /home/ros2/ros2_ws2/install/smartcar_msgs/share/smartcar_msgs/cmake/rosidl_cmake-extras.cmake
[0.679s] -- Up-to-date: /home/ros2/ros2_ws2/install/smartcar_msgs/share/smartcar_msgs/cmake/ament_cmake_export_dependencies-extras.cmake
[0.679s] -- Up-to-date: /home/ros2/ros2_ws2/install/smartcar_msgs/share/smartcar_msgs/cmake/ament_cmake_export_include_directories-extras.cmake
[0.679s] -- Up-to-date: /home/ros2/ros2_ws2/install/smartcar_msgs/share/smartcar_msgs/cmake/ament_cmake_export_libraries-extras.cmake
[0.679s] -- Up-to-date: /home/ros2/ros2_ws2/install/smartcar_msgs/share/smartcar_msgs/cmake/ament_cmake_export_targets-extras.cmake
[0.679s] -- Up-to-date: /home/ros2/ros2_ws2/install/smartcar_msgs/share/smartcar_msgs/cmake/rosidl_cmake_export_typesupport_targets-extras.cmake
[0.680s] -- Up-to-date: /home/ros2/ros2_ws2/install/smartcar_msgs/share/smartcar_msgs/cmake/rosidl_cmake_export_typesupport_libraries-extras.cmake
[0.680s] -- Up-to-date: /home/ros2/ros2_ws2/install/smartcar_msgs/share/smartcar_msgs/cmake/smartcar_msgsConfig.cmake
[0.680s] -- Up-to-date: /home/ros2/ros2_ws2/install/smartcar_msgs/share/smartcar_msgs/cmake/smartcar_msgsConfig-version.cmake
[0.681s] -- Up-to-date: /home/ros2/ros2_ws2/install/smartcar_msgs/share/smartcar_msgs/package.xml
[0.686s] Invoked command in '/home/ros2/ros2_ws2/build/smartcar_msgs' returned '0': CMAKE_PREFIX_PATH=${CMAKE_PREFIX_PATH}:/opt/ros/humble /usr/bin/cmake --install /home/ros2/ros2_ws2/build/smartcar_msgs
