[0.019s] Invoking command in '/home/ros2/ros2_ws2/build/ackermann_msgs': CMAKE_PREFIX_PATH=${CMAKE_PREFIX_PATH}:/opt/ros/humble /usr/bin/cmake --build /home/ros2/ros2_ws2/build/ackermann_msgs -- -j8 -l8
[0.086s] [  7%] Built target ackermann_msgs__cpp
[0.086s] [ 12%] Built target ackermann_msgs__rosidl_generator_c
[0.107s] [ 12%] Built target ament_cmake_python_copy_ackermann_msgs
[0.141s] [ 23%] Built target ackermann_msgs__rosidl_typesupport_fastrtps_c
[0.142s] [ 33%] Built target ackermann_msgs__rosidl_typesupport_cpp
[0.145s] [ 43%] Built target ackermann_msgs__rosidl_typesupport_fastrtps_cpp
[0.146s] [ 53%] Built target ackermann_msgs__rosidl_typesupport_introspection_cpp
[0.152s] [ 64%] Built target ackermann_msgs__rosidl_typesupport_introspection_c
[0.153s] [ 74%] Built target ackermann_msgs__rosidl_typesupport_c
[0.179s] [ 74%] Built target ackermann_msgs
[0.205s] [ 76%] Built target ackermann_msgs__py
[0.235s] [ 84%] Built target ackermann_msgs__rosidl_generator_py
[0.265s] [ 92%] Built target ackermann_msgs__rosidl_typesupport_introspection_c__pyext
[0.265s] [ 97%] Built target ackermann_msgs__rosidl_typesupport_c__pyext
[0.266s] [100%] Built target ackermann_msgs__rosidl_typesupport_fastrtps_c__pyext
[0.444s] running egg_info
[0.469s] writing ackermann_msgs.egg-info/PKG-INFO
[0.470s] writing dependency_links to ackermann_msgs.egg-info/dependency_links.txt
[0.470s] writing top-level names to ackermann_msgs.egg-info/top_level.txt
[0.544s] reading manifest file 'ackermann_msgs.egg-info/SOURCES.txt'
[0.546s] writing manifest file 'ackermann_msgs.egg-info/SOURCES.txt'
[0.595s] [100%] Built target ament_cmake_python_build_ackermann_msgs_egg
[0.614s] Invoked command in '/home/ros2/ros2_ws2/build/ackermann_msgs' returned '0': CMAKE_PREFIX_PATH=${CMAKE_PREFIX_PATH}:/opt/ros/humble /usr/bin/cmake --build /home/ros2/ros2_ws2/build/ackermann_msgs -- -j8 -l8
[0.617s] Invoking command in '/home/ros2/ros2_ws2/build/ackermann_msgs': CMAKE_PREFIX_PATH=${CMAKE_PREFIX_PATH}:/opt/ros/humble /usr/bin/cmake --install /home/ros2/ros2_ws2/build/ackermann_msgs
[0.631s] -- Install configuration: ""
[0.631s] -- Up-to-date: /home/ros2/ros2_ws2/install/ackermann_msgs/share/ament_index/resource_index/rosidl_interfaces/ackermann_msgs
[0.631s] -- Up-to-date: /home/ros2/ros2_ws2/install/ackermann_msgs/include/ackermann_msgs/ackermann_msgs
[0.631s] -- Up-to-date: /home/ros2/ros2_ws2/install/ackermann_msgs/include/ackermann_msgs/ackermann_msgs/msg
[0.631s] -- Up-to-date: /home/ros2/ros2_ws2/install/ackermann_msgs/include/ackermann_msgs/ackermann_msgs/msg/rosidl_generator_c__visibility_control.h
[0.631s] -- Up-to-date: /home/ros2/ros2_ws2/install/ackermann_msgs/include/ackermann_msgs/ackermann_msgs/msg/ackermann_drive.h
[0.631s] -- Up-to-date: /home/ros2/ros2_ws2/install/ackermann_msgs/include/ackermann_msgs/ackermann_msgs/msg/ackermann_drive_stamped.h
[0.631s] -- Up-to-date: /home/ros2/ros2_ws2/install/ackermann_msgs/include/ackermann_msgs/ackermann_msgs/msg/detail
[0.631s] -- Up-to-date: /home/ros2/ros2_ws2/install/ackermann_msgs/include/ackermann_msgs/ackermann_msgs/msg/detail/ackermann_drive_stamped__functions.h
[0.632s] -- Up-to-date: /home/ros2/ros2_ws2/install/ackermann_msgs/include/ackermann_msgs/ackermann_msgs/msg/detail/ackermann_drive_stamped__functions.c
[0.632s] -- Up-to-date: /home/ros2/ros2_ws2/install/ackermann_msgs/include/ackermann_msgs/ackermann_msgs/msg/detail/ackermann_drive__struct.h
[0.632s] -- Up-to-date: /home/ros2/ros2_ws2/install/ackermann_msgs/include/ackermann_msgs/ackermann_msgs/msg/detail/ackermann_drive__functions.c
[0.632s] -- Up-to-date: /home/ros2/ros2_ws2/install/ackermann_msgs/include/ackermann_msgs/ackermann_msgs/msg/detail/ackermann_drive_stamped__type_support.h
[0.632s] -- Up-to-date: /home/ros2/ros2_ws2/install/ackermann_msgs/include/ackermann_msgs/ackermann_msgs/msg/detail/ackermann_drive__functions.h
[0.632s] -- Up-to-date: /home/ros2/ros2_ws2/install/ackermann_msgs/include/ackermann_msgs/ackermann_msgs/msg/detail/ackermann_drive__type_support.h
[0.632s] -- Up-to-date: /home/ros2/ros2_ws2/install/ackermann_msgs/include/ackermann_msgs/ackermann_msgs/msg/detail/ackermann_drive_stamped__struct.h
[0.632s] -- Up-to-date: /home/ros2/ros2_ws2/install/ackermann_msgs/share/ackermann_msgs/environment/library_path.sh
[0.633s] -- Up-to-date: /home/ros2/ros2_ws2/install/ackermann_msgs/share/ackermann_msgs/environment/library_path.dsv
[0.633s] -- Up-to-date: /home/ros2/ros2_ws2/install/ackermann_msgs/lib/libackermann_msgs__rosidl_generator_c.so
[0.633s] -- Up-to-date: /home/ros2/ros2_ws2/install/ackermann_msgs/include/ackermann_msgs/ackermann_msgs
[0.633s] -- Up-to-date: /home/ros2/ros2_ws2/install/ackermann_msgs/include/ackermann_msgs/ackermann_msgs/msg
[0.633s] -- Up-to-date: /home/ros2/ros2_ws2/install/ackermann_msgs/include/ackermann_msgs/ackermann_msgs/msg/rosidl_typesupport_fastrtps_c__visibility_control.h
[0.633s] -- Up-to-date: /home/ros2/ros2_ws2/install/ackermann_msgs/include/ackermann_msgs/ackermann_msgs/msg/detail
[0.633s] -- Up-to-date: /home/ros2/ros2_ws2/install/ackermann_msgs/include/ackermann_msgs/ackermann_msgs/msg/detail/ackermann_drive__rosidl_typesupport_fastrtps_c.h
[0.633s] -- Up-to-date: /home/ros2/ros2_ws2/install/ackermann_msgs/include/ackermann_msgs/ackermann_msgs/msg/detail/ackermann_drive_stamped__rosidl_typesupport_fastrtps_c.h
[0.633s] -- Up-to-date: /home/ros2/ros2_ws2/install/ackermann_msgs/lib/libackermann_msgs__rosidl_typesupport_fastrtps_c.so
[0.634s] -- Up-to-date: /home/ros2/ros2_ws2/install/ackermann_msgs/include/ackermann_msgs/ackermann_msgs
[0.634s] -- Up-to-date: /home/ros2/ros2_ws2/install/ackermann_msgs/include/ackermann_msgs/ackermann_msgs/msg
[0.634s] -- Up-to-date: /home/ros2/ros2_ws2/install/ackermann_msgs/include/ackermann_msgs/ackermann_msgs/msg/detail
[0.634s] -- Up-to-date: /home/ros2/ros2_ws2/install/ackermann_msgs/include/ackermann_msgs/ackermann_msgs/msg/detail/ackermann_drive_stamped__rosidl_typesupport_introspection_c.h
[0.634s] -- Up-to-date: /home/ros2/ros2_ws2/install/ackermann_msgs/include/ackermann_msgs/ackermann_msgs/msg/detail/ackermann_drive__rosidl_typesupport_introspection_c.h
[0.634s] -- Up-to-date: /home/ros2/ros2_ws2/install/ackermann_msgs/include/ackermann_msgs/ackermann_msgs/msg/detail/ackermann_drive__type_support.c
[0.634s] -- Up-to-date: /home/ros2/ros2_ws2/install/ackermann_msgs/include/ackermann_msgs/ackermann_msgs/msg/detail/ackermann_drive_stamped__type_support.c
[0.634s] -- Up-to-date: /home/ros2/ros2_ws2/install/ackermann_msgs/include/ackermann_msgs/ackermann_msgs/msg/rosidl_typesupport_introspection_c__visibility_control.h
[0.634s] -- Up-to-date: /home/ros2/ros2_ws2/install/ackermann_msgs/lib/libackermann_msgs__rosidl_typesupport_introspection_c.so
[0.635s] -- Up-to-date: /home/ros2/ros2_ws2/install/ackermann_msgs/lib/libackermann_msgs__rosidl_typesupport_c.so
[0.635s] -- Up-to-date: /home/ros2/ros2_ws2/install/ackermann_msgs/include/ackermann_msgs/ackermann_msgs
[0.635s] -- Up-to-date: /home/ros2/ros2_ws2/install/ackermann_msgs/include/ackermann_msgs/ackermann_msgs/msg
[0.635s] -- Up-to-date: /home/ros2/ros2_ws2/install/ackermann_msgs/include/ackermann_msgs/ackermann_msgs/msg/ackermann_drive_stamped.hpp
[0.635s] -- Up-to-date: /home/ros2/ros2_ws2/install/ackermann_msgs/include/ackermann_msgs/ackermann_msgs/msg/ackermann_drive.hpp
[0.635s] -- Up-to-date: /home/ros2/ros2_ws2/install/ackermann_msgs/include/ackermann_msgs/ackermann_msgs/msg/detail
[0.635s] -- Up-to-date: /home/ros2/ros2_ws2/install/ackermann_msgs/include/ackermann_msgs/ackermann_msgs/msg/detail/ackermann_drive__builder.hpp
[0.635s] -- Up-to-date: /home/ros2/ros2_ws2/install/ackermann_msgs/include/ackermann_msgs/ackermann_msgs/msg/detail/ackermann_drive__struct.hpp
[0.636s] -- Up-to-date: /home/ros2/ros2_ws2/install/ackermann_msgs/include/ackermann_msgs/ackermann_msgs/msg/detail/ackermann_drive_stamped__struct.hpp
[0.636s] -- Up-to-date: /home/ros2/ros2_ws2/install/ackermann_msgs/include/ackermann_msgs/ackermann_msgs/msg/detail/ackermann_drive__traits.hpp
[0.636s] -- Up-to-date: /home/ros2/ros2_ws2/install/ackermann_msgs/include/ackermann_msgs/ackermann_msgs/msg/detail/ackermann_drive_stamped__builder.hpp
[0.636s] -- Up-to-date: /home/ros2/ros2_ws2/install/ackermann_msgs/include/ackermann_msgs/ackermann_msgs/msg/detail/ackermann_drive_stamped__traits.hpp
[0.636s] -- Up-to-date: /home/ros2/ros2_ws2/install/ackermann_msgs/include/ackermann_msgs/ackermann_msgs
[0.636s] -- Up-to-date: /home/ros2/ros2_ws2/install/ackermann_msgs/include/ackermann_msgs/ackermann_msgs/msg
[0.636s] -- Up-to-date: /home/ros2/ros2_ws2/install/ackermann_msgs/include/ackermann_msgs/ackermann_msgs/msg/rosidl_typesupport_fastrtps_cpp__visibility_control.h
[0.636s] -- Up-to-date: /home/ros2/ros2_ws2/install/ackermann_msgs/include/ackermann_msgs/ackermann_msgs/msg/detail
[0.636s] -- Up-to-date: /home/ros2/ros2_ws2/install/ackermann_msgs/include/ackermann_msgs/ackermann_msgs/msg/detail/ackermann_drive__rosidl_typesupport_fastrtps_cpp.hpp
[0.636s] -- Up-to-date: /home/ros2/ros2_ws2/install/ackermann_msgs/include/ackermann_msgs/ackermann_msgs/msg/detail/ackermann_drive_stamped__rosidl_typesupport_fastrtps_cpp.hpp
[0.636s] -- Up-to-date: /home/ros2/ros2_ws2/install/ackermann_msgs/include/ackermann_msgs/ackermann_msgs/msg/detail/dds_fastrtps
[0.636s] -- Up-to-date: /home/ros2/ros2_ws2/install/ackermann_msgs/lib/libackermann_msgs__rosidl_typesupport_fastrtps_cpp.so
[0.636s] -- Up-to-date: /home/ros2/ros2_ws2/install/ackermann_msgs/include/ackermann_msgs/ackermann_msgs
[0.636s] -- Up-to-date: /home/ros2/ros2_ws2/install/ackermann_msgs/include/ackermann_msgs/ackermann_msgs/msg
[0.637s] -- Up-to-date: /home/ros2/ros2_ws2/install/ackermann_msgs/include/ackermann_msgs/ackermann_msgs/msg/detail
[0.637s] -- Up-to-date: /home/ros2/ros2_ws2/install/ackermann_msgs/include/ackermann_msgs/ackermann_msgs/msg/detail/ackermann_drive_stamped__rosidl_typesupport_introspection_cpp.hpp
[0.637s] -- Up-to-date: /home/ros2/ros2_ws2/install/ackermann_msgs/include/ackermann_msgs/ackermann_msgs/msg/detail/ackermann_drive_stamped__type_support.cpp
[0.637s] -- Up-to-date: /home/ros2/ros2_ws2/install/ackermann_msgs/include/ackermann_msgs/ackermann_msgs/msg/detail/ackermann_drive__type_support.cpp
[0.637s] -- Up-to-date: /home/ros2/ros2_ws2/install/ackermann_msgs/include/ackermann_msgs/ackermann_msgs/msg/detail/ackermann_drive__rosidl_typesupport_introspection_cpp.hpp
[0.637s] -- Up-to-date: /home/ros2/ros2_ws2/install/ackermann_msgs/lib/libackermann_msgs__rosidl_typesupport_introspection_cpp.so
[0.637s] -- Up-to-date: /home/ros2/ros2_ws2/install/ackermann_msgs/lib/libackermann_msgs__rosidl_typesupport_cpp.so
[0.637s] -- Up-to-date: /home/ros2/ros2_ws2/install/ackermann_msgs/share/ackermann_msgs/environment/pythonpath.sh
[0.637s] -- Up-to-date: /home/ros2/ros2_ws2/install/ackermann_msgs/share/ackermann_msgs/environment/pythonpath.dsv
[0.637s] -- Up-to-date: /home/ros2/ros2_ws2/install/ackermann_msgs/local/lib/python3.10/dist-packages/ackermann_msgs-2.0.2-py3.10.egg-info
[0.637s] -- Installing: /home/ros2/ros2_ws2/install/ackermann_msgs/local/lib/python3.10/dist-packages/ackermann_msgs-2.0.2-py3.10.egg-info/SOURCES.txt
[0.638s] -- Installing: /home/ros2/ros2_ws2/install/ackermann_msgs/local/lib/python3.10/dist-packages/ackermann_msgs-2.0.2-py3.10.egg-info/PKG-INFO
[0.638s] -- Installing: /home/ros2/ros2_ws2/install/ackermann_msgs/local/lib/python3.10/dist-packages/ackermann_msgs-2.0.2-py3.10.egg-info/top_level.txt
[0.638s] -- Installing: /home/ros2/ros2_ws2/install/ackermann_msgs/local/lib/python3.10/dist-packages/ackermann_msgs-2.0.2-py3.10.egg-info/dependency_links.txt
[0.638s] -- Up-to-date: /home/ros2/ros2_ws2/install/ackermann_msgs/local/lib/python3.10/dist-packages/ackermann_msgs
[0.638s] -- Up-to-date: /home/ros2/ros2_ws2/install/ackermann_msgs/local/lib/python3.10/dist-packages/ackermann_msgs/__init__.py
[0.638s] -- Up-to-date: /home/ros2/ros2_ws2/install/ackermann_msgs/local/lib/python3.10/dist-packages/ackermann_msgs/_ackermann_msgs_s.ep.rosidl_typesupport_c.c
[0.638s] -- Up-to-date: /home/ros2/ros2_ws2/install/ackermann_msgs/local/lib/python3.10/dist-packages/ackermann_msgs/ackermann_msgs_s__rosidl_typesupport_fastrtps_c.cpython-310-x86_64-linux-gnu.so
[0.638s] -- Up-to-date: /home/ros2/ros2_ws2/install/ackermann_msgs/local/lib/python3.10/dist-packages/ackermann_msgs/libackermann_msgs__rosidl_generator_py.so
[0.638s] -- Up-to-date: /home/ros2/ros2_ws2/install/ackermann_msgs/local/lib/python3.10/dist-packages/ackermann_msgs/ackermann_msgs_s__rosidl_typesupport_c.cpython-310-x86_64-linux-gnu.so
[0.638s] -- Up-to-date: /home/ros2/ros2_ws2/install/ackermann_msgs/local/lib/python3.10/dist-packages/ackermann_msgs/ackermann_msgs_s__rosidl_typesupport_introspection_c.cpython-310-x86_64-linux-gnu.so
[0.638s] -- Up-to-date: /home/ros2/ros2_ws2/install/ackermann_msgs/local/lib/python3.10/dist-packages/ackermann_msgs/_ackermann_msgs_s.ep.rosidl_typesupport_introspection_c.c
[0.638s] -- Up-to-date: /home/ros2/ros2_ws2/install/ackermann_msgs/local/lib/python3.10/dist-packages/ackermann_msgs/_ackermann_msgs_s.ep.rosidl_typesupport_fastrtps_c.c
[0.638s] -- Up-to-date: /home/ros2/ros2_ws2/install/ackermann_msgs/local/lib/python3.10/dist-packages/ackermann_msgs/msg
[0.638s] -- Up-to-date: /home/ros2/ros2_ws2/install/ackermann_msgs/local/lib/python3.10/dist-packages/ackermann_msgs/msg/__init__.py
[0.639s] -- Up-to-date: /home/ros2/ros2_ws2/install/ackermann_msgs/local/lib/python3.10/dist-packages/ackermann_msgs/msg/_ackermann_drive_stamped.py
[0.639s] -- Up-to-date: /home/ros2/ros2_ws2/install/ackermann_msgs/local/lib/python3.10/dist-packages/ackermann_msgs/msg/_ackermann_drive.py
[0.639s] -- Up-to-date: /home/ros2/ros2_ws2/install/ackermann_msgs/local/lib/python3.10/dist-packages/ackermann_msgs/msg/_ackermann_drive_s.c
[0.639s] -- Up-to-date: /home/ros2/ros2_ws2/install/ackermann_msgs/local/lib/python3.10/dist-packages/ackermann_msgs/msg/_ackermann_drive_stamped_s.c
[0.675s] Listing '/home/ros2/ros2_ws2/install/ackermann_msgs/local/lib/python3.10/dist-packages/ackermann_msgs'...
[0.675s] Listing '/home/ros2/ros2_ws2/install/ackermann_msgs/local/lib/python3.10/dist-packages/ackermann_msgs/msg'...
[0.683s] -- Up-to-date: /home/ros2/ros2_ws2/install/ackermann_msgs/local/lib/python3.10/dist-packages/ackermann_msgs/ackermann_msgs_s__rosidl_typesupport_fastrtps_c.cpython-310-x86_64-linux-gnu.so
[0.683s] -- Up-to-date: /home/ros2/ros2_ws2/install/ackermann_msgs/local/lib/python3.10/dist-packages/ackermann_msgs/ackermann_msgs_s__rosidl_typesupport_introspection_c.cpython-310-x86_64-linux-gnu.so
[0.683s] -- Up-to-date: /home/ros2/ros2_ws2/install/ackermann_msgs/local/lib/python3.10/dist-packages/ackermann_msgs/ackermann_msgs_s__rosidl_typesupport_c.cpython-310-x86_64-linux-gnu.so
[0.687s] -- Up-to-date: /home/ros2/ros2_ws2/install/ackermann_msgs/lib/libackermann_msgs__rosidl_generator_py.so
[0.688s] -- Up-to-date: /home/ros2/ros2_ws2/install/ackermann_msgs/share/ackermann_msgs/msg/AckermannDrive.idl
[0.688s] -- Up-to-date: /home/ros2/ros2_ws2/install/ackermann_msgs/share/ackermann_msgs/msg/AckermannDriveStamped.idl
[0.688s] -- Up-to-date: /home/ros2/ros2_ws2/install/ackermann_msgs/share/ackermann_msgs/msg/AckermannDrive.msg
[0.688s] -- Up-to-date: /home/ros2/ros2_ws2/install/ackermann_msgs/share/ackermann_msgs/msg/AckermannDriveStamped.msg
[0.688s] -- Up-to-date: /home/ros2/ros2_ws2/install/ackermann_msgs/share/ament_index/resource_index/package_run_dependencies/ackermann_msgs
[0.689s] -- Up-to-date: /home/ros2/ros2_ws2/install/ackermann_msgs/share/ament_index/resource_index/parent_prefix_path/ackermann_msgs
[0.689s] -- Up-to-date: /home/ros2/ros2_ws2/install/ackermann_msgs/share/ackermann_msgs/environment/ament_prefix_path.sh
[0.689s] -- Up-to-date: /home/ros2/ros2_ws2/install/ackermann_msgs/share/ackermann_msgs/environment/ament_prefix_path.dsv
[0.689s] -- Up-to-date: /home/ros2/ros2_ws2/install/ackermann_msgs/share/ackermann_msgs/environment/path.sh
[0.689s] -- Up-to-date: /home/ros2/ros2_ws2/install/ackermann_msgs/share/ackermann_msgs/environment/path.dsv
[0.689s] -- Up-to-date: /home/ros2/ros2_ws2/install/ackermann_msgs/share/ackermann_msgs/local_setup.bash
[0.689s] -- Up-to-date: /home/ros2/ros2_ws2/install/ackermann_msgs/share/ackermann_msgs/local_setup.sh
[0.689s] -- Up-to-date: /home/ros2/ros2_ws2/install/ackermann_msgs/share/ackermann_msgs/local_setup.zsh
[0.690s] -- Up-to-date: /home/ros2/ros2_ws2/install/ackermann_msgs/share/ackermann_msgs/local_setup.dsv
[0.690s] -- Installing: /home/ros2/ros2_ws2/install/ackermann_msgs/share/ackermann_msgs/package.dsv
[0.690s] -- Up-to-date: /home/ros2/ros2_ws2/install/ackermann_msgs/share/ament_index/resource_index/packages/ackermann_msgs
[0.690s] -- Up-to-date: /home/ros2/ros2_ws2/install/ackermann_msgs/share/ackermann_msgs/cmake/export_ackermann_msgs__rosidl_generator_cExport.cmake
[0.690s] -- Up-to-date: /home/ros2/ros2_ws2/install/ackermann_msgs/share/ackermann_msgs/cmake/export_ackermann_msgs__rosidl_generator_cExport-noconfig.cmake
[0.691s] -- Up-to-date: /home/ros2/ros2_ws2/install/ackermann_msgs/share/ackermann_msgs/cmake/export_ackermann_msgs__rosidl_typesupport_fastrtps_cExport.cmake
[0.691s] -- Up-to-date: /home/ros2/ros2_ws2/install/ackermann_msgs/share/ackermann_msgs/cmake/export_ackermann_msgs__rosidl_typesupport_fastrtps_cExport-noconfig.cmake
[0.691s] -- Up-to-date: /home/ros2/ros2_ws2/install/ackermann_msgs/share/ackermann_msgs/cmake/ackermann_msgs__rosidl_typesupport_introspection_cExport.cmake
[0.692s] -- Up-to-date: /home/ros2/ros2_ws2/install/ackermann_msgs/share/ackermann_msgs/cmake/ackermann_msgs__rosidl_typesupport_introspection_cExport-noconfig.cmake
[0.692s] -- Up-to-date: /home/ros2/ros2_ws2/install/ackermann_msgs/share/ackermann_msgs/cmake/ackermann_msgs__rosidl_typesupport_cExport.cmake
[0.692s] -- Up-to-date: /home/ros2/ros2_ws2/install/ackermann_msgs/share/ackermann_msgs/cmake/ackermann_msgs__rosidl_typesupport_cExport-noconfig.cmake
[0.692s] -- Up-to-date: /home/ros2/ros2_ws2/install/ackermann_msgs/share/ackermann_msgs/cmake/export_ackermann_msgs__rosidl_generator_cppExport.cmake
[0.692s] -- Up-to-date: /home/ros2/ros2_ws2/install/ackermann_msgs/share/ackermann_msgs/cmake/export_ackermann_msgs__rosidl_typesupport_fastrtps_cppExport.cmake
[0.692s] -- Up-to-date: /home/ros2/ros2_ws2/install/ackermann_msgs/share/ackermann_msgs/cmake/export_ackermann_msgs__rosidl_typesupport_fastrtps_cppExport-noconfig.cmake
[0.693s] -- Up-to-date: /home/ros2/ros2_ws2/install/ackermann_msgs/share/ackermann_msgs/cmake/ackermann_msgs__rosidl_typesupport_introspection_cppExport.cmake
[0.693s] -- Up-to-date: /home/ros2/ros2_ws2/install/ackermann_msgs/share/ackermann_msgs/cmake/ackermann_msgs__rosidl_typesupport_introspection_cppExport-noconfig.cmake
[0.693s] -- Up-to-date: /home/ros2/ros2_ws2/install/ackermann_msgs/share/ackermann_msgs/cmake/ackermann_msgs__rosidl_typesupport_cppExport.cmake
[0.693s] -- Up-to-date: /home/ros2/ros2_ws2/install/ackermann_msgs/share/ackermann_msgs/cmake/ackermann_msgs__rosidl_typesupport_cppExport-noconfig.cmake
[0.693s] -- Up-to-date: /home/ros2/ros2_ws2/install/ackermann_msgs/share/ackermann_msgs/cmake/export_ackermann_msgs__rosidl_generator_pyExport.cmake
[0.693s] -- Up-to-date: /home/ros2/ros2_ws2/install/ackermann_msgs/share/ackermann_msgs/cmake/export_ackermann_msgs__rosidl_generator_pyExport-noconfig.cmake
[0.693s] -- Up-to-date: /home/ros2/ros2_ws2/install/ackermann_msgs/share/ackermann_msgs/cmake/rosidl_cmake-extras.cmake
[0.693s] -- Up-to-date: /home/ros2/ros2_ws2/install/ackermann_msgs/share/ackermann_msgs/cmake/ament_cmake_export_dependencies-extras.cmake
[0.693s] -- Up-to-date: /home/ros2/ros2_ws2/install/ackermann_msgs/share/ackermann_msgs/cmake/ament_cmake_export_include_directories-extras.cmake
[0.694s] -- Up-to-date: /home/ros2/ros2_ws2/install/ackermann_msgs/share/ackermann_msgs/cmake/ament_cmake_export_libraries-extras.cmake
[0.694s] -- Up-to-date: /home/ros2/ros2_ws2/install/ackermann_msgs/share/ackermann_msgs/cmake/ament_cmake_export_targets-extras.cmake
[0.694s] -- Up-to-date: /home/ros2/ros2_ws2/install/ackermann_msgs/share/ackermann_msgs/cmake/rosidl_cmake_export_typesupport_targets-extras.cmake
[0.694s] -- Up-to-date: /home/ros2/ros2_ws2/install/ackermann_msgs/share/ackermann_msgs/cmake/rosidl_cmake_export_typesupport_libraries-extras.cmake
[0.694s] -- Up-to-date: /home/ros2/ros2_ws2/install/ackermann_msgs/share/ackermann_msgs/cmake/ackermann_msgsConfig.cmake
[0.694s] -- Up-to-date: /home/ros2/ros2_ws2/install/ackermann_msgs/share/ackermann_msgs/cmake/ackermann_msgsConfig-version.cmake
[0.694s] -- Up-to-date: /home/ros2/ros2_ws2/install/ackermann_msgs/share/ackermann_msgs/package.xml
[0.729s] Invoked command in '/home/ros2/ros2_ws2/build/ackermann_msgs' returned '0': CMAKE_PREFIX_PATH=${CMAKE_PREFIX_PATH}:/opt/ros/humble /usr/bin/cmake --install /home/ros2/ros2_ws2/build/ackermann_msgs
