Built target ament_cmake_python_copy_smart_car
running egg_info
writing smart_car.egg-info/PKG-INFO
writing dependency_links to smart_car.egg-info/dependency_links.txt
writing top-level names to smart_car.egg-info/top_level.txt
reading manifest file 'smart_car.egg-info/SOURCES.txt'
writing manifest file 'smart_car.egg-info/SOURCES.txt'
Built target ament_cmake_python_build_smart_car_egg
-- Install configuration: ""
-- Up-to-date: /home/ros2/ros2_ws2/install/smart_car/share/smart_car/urdf
-- Up-to-date: /home/ros2/ros2_ws2/install/smart_car/share/smart_car/urdf/smartcar.urdf
-- Up-to-date: /home/ros2/ros2_ws2/install/smart_car/share/smart_car/launch
-- Up-to-date: /home/ros2/ros2_ws2/install/smart_car/share/smart_car/launch/format.py
-- Up-to-date: /home/ros2/ros2_ws2/install/smart_car/share/smart_car/launch/gazebo.launch.py
-- Up-to-date: /home/ros2/ros2_ws2/install/smart_car/share/smart_car/launch/__pycache__
-- Up-to-date: /home/ros2/ros2_ws2/install/smart_car/share/smart_car/launch/localization.launch.py
-- Up-to-date: /home/ros2/ros2_ws2/install/smart_car/share/smart_car/launch/smartcar.launch.py
-- Up-to-date: /home/ros2/ros2_ws2/install/smart_car/share/smart_car/launch/nav2.launch.py
-- Up-to-date: /home/ros2/ros2_ws2/install/smart_car/share/smart_car/world
-- Up-to-date: /home/ros2/ros2_ws2/install/smart_car/share/smart_car/world/smalltown.world
-- Up-to-date: /home/ros2/ros2_ws2/install/smart_car/share/smart_car/config
-- Up-to-date: /home/ros2/ros2_ws2/install/smart_car/share/smart_car/config/ekf.yaml
-- Up-to-date: /home/ros2/ros2_ws2/install/smart_car/share/smart_car/config/nav2_params.yaml
-- Up-to-date: /home/ros2/ros2_ws2/install/smart_car/share/smart_car/config/smalltown_world.yaml
-- Up-to-date: /home/ros2/ros2_ws2/install/smart_car/share/smart_car/config/smalltown_world.pgm
-- Up-to-date: /home/ros2/ros2_ws2/install/smart_car/share/smart_car/config/bt_nav2.xml
-- Up-to-date: /home/ros2/ros2_ws2/install/smart_car/share/smart_car/config/controllers.yaml
-- Up-to-date: /home/ros2/ros2_ws2/install/smart_car/share/smart_car/config/ackermann_controller.yaml
-- Up-to-date: /home/ros2/ros2_ws2/install/smart_car/share/smart_car/scripts
-- Up-to-date: /home/ros2/ros2_ws2/install/smart_car/share/smart_car/scripts/odom.py
-- Up-to-date: /home/ros2/ros2_ws2/install/smart_car/share/smart_car/scripts/keyboard_control.py
-- Up-to-date: /home/ros2/ros2_ws2/install/smart_car/share/smart_car/scripts/joint_state_pub.py
-- Up-to-date: /home/ros2/ros2_ws2/install/smart_car/share/smart_car/scripts/vehicle_status.py
-- Up-to-date: /home/ros2/ros2_ws2/install/smart_car/share/smart_car/environment/pythonpath.sh
-- Up-to-date: /home/ros2/ros2_ws2/install/smart_car/share/smart_car/environment/pythonpath.dsv
-- Up-to-date: /home/ros2/ros2_ws2/install/smart_car/local/lib/python3.10/dist-packages/smart_car-0.0.0-py3.10.egg-info
-- Installing: /home/ros2/ros2_ws2/install/smart_car/local/lib/python3.10/dist-packages/smart_car-0.0.0-py3.10.egg-info/SOURCES.txt
-- Installing: /home/ros2/ros2_ws2/install/smart_car/local/lib/python3.10/dist-packages/smart_car-0.0.0-py3.10.egg-info/PKG-INFO
-- Installing: /home/ros2/ros2_ws2/install/smart_car/local/lib/python3.10/dist-packages/smart_car-0.0.0-py3.10.egg-info/top_level.txt
-- Installing: /home/ros2/ros2_ws2/install/smart_car/local/lib/python3.10/dist-packages/smart_car-0.0.0-py3.10.egg-info/dependency_links.txt
-- Up-to-date: /home/ros2/ros2_ws2/install/smart_car/local/lib/python3.10/dist-packages/smart_car
-- Up-to-date: /home/ros2/ros2_ws2/install/smart_car/local/lib/python3.10/dist-packages/smart_car/__init__.py
Listing '/home/ros2/ros2_ws2/install/smart_car/local/lib/python3.10/dist-packages/smart_car'...
-- Up-to-date: /home/ros2/ros2_ws2/install/smart_car/lib/smart_car/odom.py
-- Up-to-date: /home/ros2/ros2_ws2/install/smart_car/lib/smart_car/keyboard_control.py
-- Up-to-date: /home/ros2/ros2_ws2/install/smart_car/lib/smart_car/joint_state_pub.py
-- Up-to-date: /home/ros2/ros2_ws2/install/smart_car/lib/smart_car/vehicle_status.py
-- Up-to-date: /home/ros2/ros2_ws2/install/smart_car/share/ament_index/resource_index/package_run_dependencies/smart_car
-- Up-to-date: /home/ros2/ros2_ws2/install/smart_car/share/ament_index/resource_index/parent_prefix_path/smart_car
-- Up-to-date: /home/ros2/ros2_ws2/install/smart_car/share/smart_car/environment/ament_prefix_path.sh
-- Up-to-date: /home/ros2/ros2_ws2/install/smart_car/share/smart_car/environment/ament_prefix_path.dsv
-- Up-to-date: /home/ros2/ros2_ws2/install/smart_car/share/smart_car/environment/path.sh
-- Up-to-date: /home/ros2/ros2_ws2/install/smart_car/share/smart_car/environment/path.dsv
-- Up-to-date: /home/ros2/ros2_ws2/install/smart_car/share/smart_car/local_setup.bash
-- Up-to-date: /home/ros2/ros2_ws2/install/smart_car/share/smart_car/local_setup.sh
-- Up-to-date: /home/ros2/ros2_ws2/install/smart_car/share/smart_car/local_setup.zsh
-- Up-to-date: /home/ros2/ros2_ws2/install/smart_car/share/smart_car/local_setup.dsv
-- Up-to-date: /home/ros2/ros2_ws2/install/smart_car/share/smart_car/package.dsv
-- Up-to-date: /home/ros2/ros2_ws2/install/smart_car/share/ament_index/resource_index/packages/smart_car
-- Up-to-date: /home/ros2/ros2_ws2/install/smart_car/share/smart_car/cmake/smart_carConfig.cmake
-- Up-to-date: /home/ros2/ros2_ws2/install/smart_car/share/smart_car/cmake/smart_carConfig-version.cmake
-- Up-to-date: /home/ros2/ros2_ws2/install/smart_car/share/smart_car/package.xml
