[0.019s] Invoking command in '/home/ros2/ros2_ws2/build/smart_car': AMENT_PREFIX_PATH=/home/ros2/ros2_ws2/install/smartcar_msgs:${AMENT_PREFIX_PATH} CMAKE_PREFIX_PATH=/home/ros2/ros2_ws2/install/smartcar_msgs:/opt/ros/humble LD_LIBRARY_PATH=/home/ros2/ros2_ws2/install/smartcar_msgs/lib:/usr/lib/x86_64-linux-gnu/gazebo-11/plugins:/opt/ros/humble/opt/rviz_ogre_vendor/lib:/opt/ros/humble/lib/x86_64-linux-gnu:/opt/ros/humble/lib:/usr/lib/x86_64-linux-gnu/gazebo-11/plugins:/usr/lib/x86_64-linux-gnu/gazebo-11/plugins:/usr/lib/x86_64-linux-gnu/gazebo-11/plugins PYTHONPATH=/home/ros2/ros2_ws2/install/smartcar_msgs/local/lib/python3.10/dist-packages:${PYTHONPATH} /usr/bin/cmake --build /home/ros2/ros2_ws2/build/smart_car -- -j8 -l8
[0.099s] Built target ament_cmake_python_copy_smart_car
[0.385s] running egg_info
[0.409s] writing smart_car.egg-info/PKG-INFO
[0.409s] writing dependency_links to smart_car.egg-info/dependency_links.txt
[0.410s] writing top-level names to smart_car.egg-info/top_level.txt
[0.476s] reading manifest file 'smart_car.egg-info/SOURCES.txt'
[0.477s] writing manifest file 'smart_car.egg-info/SOURCES.txt'
[0.519s] Built target ament_cmake_python_build_smart_car_egg
[0.531s] Invoked command in '/home/ros2/ros2_ws2/build/smart_car' returned '0': AMENT_PREFIX_PATH=/home/ros2/ros2_ws2/install/smartcar_msgs:${AMENT_PREFIX_PATH} CMAKE_PREFIX_PATH=/home/ros2/ros2_ws2/install/smartcar_msgs:/opt/ros/humble LD_LIBRARY_PATH=/home/ros2/ros2_ws2/install/smartcar_msgs/lib:/usr/lib/x86_64-linux-gnu/gazebo-11/plugins:/opt/ros/humble/opt/rviz_ogre_vendor/lib:/opt/ros/humble/lib/x86_64-linux-gnu:/opt/ros/humble/lib:/usr/lib/x86_64-linux-gnu/gazebo-11/plugins:/usr/lib/x86_64-linux-gnu/gazebo-11/plugins:/usr/lib/x86_64-linux-gnu/gazebo-11/plugins PYTHONPATH=/home/ros2/ros2_ws2/install/smartcar_msgs/local/lib/python3.10/dist-packages:${PYTHONPATH} /usr/bin/cmake --build /home/ros2/ros2_ws2/build/smart_car -- -j8 -l8
[0.534s] Invoking command in '/home/ros2/ros2_ws2/build/smart_car': AMENT_PREFIX_PATH=/home/ros2/ros2_ws2/install/smartcar_msgs:${AMENT_PREFIX_PATH} CMAKE_PREFIX_PATH=/home/ros2/ros2_ws2/install/smartcar_msgs:/opt/ros/humble LD_LIBRARY_PATH=/home/ros2/ros2_ws2/install/smartcar_msgs/lib:/usr/lib/x86_64-linux-gnu/gazebo-11/plugins:/opt/ros/humble/opt/rviz_ogre_vendor/lib:/opt/ros/humble/lib/x86_64-linux-gnu:/opt/ros/humble/lib:/usr/lib/x86_64-linux-gnu/gazebo-11/plugins:/usr/lib/x86_64-linux-gnu/gazebo-11/plugins:/usr/lib/x86_64-linux-gnu/gazebo-11/plugins PYTHONPATH=/home/ros2/ros2_ws2/install/smartcar_msgs/local/lib/python3.10/dist-packages:${PYTHONPATH} /usr/bin/cmake --install /home/ros2/ros2_ws2/build/smart_car
[0.541s] -- Install configuration: ""
[0.541s] -- Up-to-date: /home/ros2/ros2_ws2/install/smart_car/share/smart_car/urdf
[0.541s] -- Up-to-date: /home/ros2/ros2_ws2/install/smart_car/share/smart_car/urdf/smartcar.urdf
[0.542s] -- Up-to-date: /home/ros2/ros2_ws2/install/smart_car/share/smart_car/launch
[0.542s] -- Up-to-date: /home/ros2/ros2_ws2/install/smart_car/share/smart_car/launch/format.py
[0.542s] -- Up-to-date: /home/ros2/ros2_ws2/install/smart_car/share/smart_car/launch/gazebo.launch.py
[0.542s] -- Up-to-date: /home/ros2/ros2_ws2/install/smart_car/share/smart_car/launch/__pycache__
[0.542s] -- Up-to-date: /home/ros2/ros2_ws2/install/smart_car/share/smart_car/launch/localization.launch.py
[0.542s] -- Up-to-date: /home/ros2/ros2_ws2/install/smart_car/share/smart_car/launch/smartcar.launch.py
[0.542s] -- Up-to-date: /home/ros2/ros2_ws2/install/smart_car/share/smart_car/launch/nav2.launch.py
[0.542s] -- Up-to-date: /home/ros2/ros2_ws2/install/smart_car/share/smart_car/world
[0.542s] -- Up-to-date: /home/ros2/ros2_ws2/install/smart_car/share/smart_car/world/smalltown.world
[0.543s] -- Up-to-date: /home/ros2/ros2_ws2/install/smart_car/share/smart_car/config
[0.543s] -- Up-to-date: /home/ros2/ros2_ws2/install/smart_car/share/smart_car/config/ekf.yaml
[0.543s] -- Up-to-date: /home/ros2/ros2_ws2/install/smart_car/share/smart_car/config/nav2_params.yaml
[0.543s] -- Up-to-date: /home/ros2/ros2_ws2/install/smart_car/share/smart_car/config/smalltown_world.yaml
[0.543s] -- Up-to-date: /home/ros2/ros2_ws2/install/smart_car/share/smart_car/config/smalltown_world.pgm
[0.543s] -- Up-to-date: /home/ros2/ros2_ws2/install/smart_car/share/smart_car/config/bt_nav2.xml
[0.543s] -- Up-to-date: /home/ros2/ros2_ws2/install/smart_car/share/smart_car/config/controllers.yaml
[0.543s] -- Up-to-date: /home/ros2/ros2_ws2/install/smart_car/share/smart_car/config/ackermann_controller.yaml
[0.543s] -- Up-to-date: /home/ros2/ros2_ws2/install/smart_car/share/smart_car/scripts
[0.543s] -- Up-to-date: /home/ros2/ros2_ws2/install/smart_car/share/smart_car/scripts/odom.py
[0.543s] -- Up-to-date: /home/ros2/ros2_ws2/install/smart_car/share/smart_car/scripts/keyboard_control.py
[0.543s] -- Up-to-date: /home/ros2/ros2_ws2/install/smart_car/share/smart_car/scripts/joint_state_pub.py
[0.543s] -- Up-to-date: /home/ros2/ros2_ws2/install/smart_car/share/smart_car/scripts/vehicle_status.py
[0.543s] -- Up-to-date: /home/ros2/ros2_ws2/install/smart_car/share/smart_car/environment/pythonpath.sh
[0.544s] -- Up-to-date: /home/ros2/ros2_ws2/install/smart_car/share/smart_car/environment/pythonpath.dsv
[0.544s] -- Up-to-date: /home/ros2/ros2_ws2/install/smart_car/local/lib/python3.10/dist-packages/smart_car-0.0.0-py3.10.egg-info
[0.544s] -- Installing: /home/ros2/ros2_ws2/install/smart_car/local/lib/python3.10/dist-packages/smart_car-0.0.0-py3.10.egg-info/SOURCES.txt
[0.544s] -- Installing: /home/ros2/ros2_ws2/install/smart_car/local/lib/python3.10/dist-packages/smart_car-0.0.0-py3.10.egg-info/PKG-INFO
[0.544s] -- Installing: /home/ros2/ros2_ws2/install/smart_car/local/lib/python3.10/dist-packages/smart_car-0.0.0-py3.10.egg-info/top_level.txt
[0.544s] -- Installing: /home/ros2/ros2_ws2/install/smart_car/local/lib/python3.10/dist-packages/smart_car-0.0.0-py3.10.egg-info/dependency_links.txt
[0.544s] -- Up-to-date: /home/ros2/ros2_ws2/install/smart_car/local/lib/python3.10/dist-packages/smart_car
[0.544s] -- Up-to-date: /home/ros2/ros2_ws2/install/smart_car/local/lib/python3.10/dist-packages/smart_car/__init__.py
[0.580s] Listing '/home/ros2/ros2_ws2/install/smart_car/local/lib/python3.10/dist-packages/smart_car'...
[0.586s] -- Up-to-date: /home/ros2/ros2_ws2/install/smart_car/lib/smart_car/odom.py
[0.586s] -- Up-to-date: /home/ros2/ros2_ws2/install/smart_car/lib/smart_car/keyboard_control.py
[0.586s] -- Up-to-date: /home/ros2/ros2_ws2/install/smart_car/lib/smart_car/joint_state_pub.py
[0.586s] -- Up-to-date: /home/ros2/ros2_ws2/install/smart_car/lib/smart_car/vehicle_status.py
[0.586s] -- Up-to-date: /home/ros2/ros2_ws2/install/smart_car/share/ament_index/resource_index/package_run_dependencies/smart_car
[0.586s] -- Up-to-date: /home/ros2/ros2_ws2/install/smart_car/share/ament_index/resource_index/parent_prefix_path/smart_car
[0.586s] -- Up-to-date: /home/ros2/ros2_ws2/install/smart_car/share/smart_car/environment/ament_prefix_path.sh
[0.587s] -- Up-to-date: /home/ros2/ros2_ws2/install/smart_car/share/smart_car/environment/ament_prefix_path.dsv
[0.587s] -- Up-to-date: /home/ros2/ros2_ws2/install/smart_car/share/smart_car/environment/path.sh
[0.587s] -- Up-to-date: /home/ros2/ros2_ws2/install/smart_car/share/smart_car/environment/path.dsv
[0.587s] -- Up-to-date: /home/ros2/ros2_ws2/install/smart_car/share/smart_car/local_setup.bash
[0.587s] -- Up-to-date: /home/ros2/ros2_ws2/install/smart_car/share/smart_car/local_setup.sh
[0.587s] -- Up-to-date: /home/ros2/ros2_ws2/install/smart_car/share/smart_car/local_setup.zsh
[0.587s] -- Up-to-date: /home/ros2/ros2_ws2/install/smart_car/share/smart_car/local_setup.dsv
[0.587s] -- Up-to-date: /home/ros2/ros2_ws2/install/smart_car/share/smart_car/package.dsv
[0.587s] -- Up-to-date: /home/ros2/ros2_ws2/install/smart_car/share/ament_index/resource_index/packages/smart_car
[0.587s] -- Up-to-date: /home/ros2/ros2_ws2/install/smart_car/share/smart_car/cmake/smart_carConfig.cmake
[0.588s] -- Up-to-date: /home/ros2/ros2_ws2/install/smart_car/share/smart_car/cmake/smart_carConfig-version.cmake
[0.588s] -- Up-to-date: /home/ros2/ros2_ws2/install/smart_car/share/smart_car/package.xml
[0.591s] Invoked command in '/home/ros2/ros2_ws2/build/smart_car' returned '0': AMENT_PREFIX_PATH=/home/ros2/ros2_ws2/install/smartcar_msgs:${AMENT_PREFIX_PATH} CMAKE_PREFIX_PATH=/home/ros2/ros2_ws2/install/smartcar_msgs:/opt/ros/humble LD_LIBRARY_PATH=/home/ros2/ros2_ws2/install/smartcar_msgs/lib:/usr/lib/x86_64-linux-gnu/gazebo-11/plugins:/opt/ros/humble/opt/rviz_ogre_vendor/lib:/opt/ros/humble/lib/x86_64-linux-gnu:/opt/ros/humble/lib:/usr/lib/x86_64-linux-gnu/gazebo-11/plugins:/usr/lib/x86_64-linux-gnu/gazebo-11/plugins:/usr/lib/x86_64-linux-gnu/gazebo-11/plugins PYTHONPATH=/home/ros2/ros2_ws2/install/smartcar_msgs/local/lib/python3.10/dist-packages:${PYTHONPATH} /usr/bin/cmake --install /home/ros2/ros2_ws2/build/smart_car
